New log file opened at Tue May 31 08:49:45 CEST 2016 by 7584@pc-Asus
jvm 7584@pc-Asus
jvm vmName=Java HotSpot(TM) 64-Bit Server VM vmVendor=Oracle Corporation vmVersion=25.77-b03
jvm specName=Java Virtual Machine Specification specVendor=Oracle Corporation specVersion=1.8
jvm arguments: [-Xms256m, -Xmx1024m, -XX:MetaspaceSize=64m, -XX:MaxMetaspaceSize=256m]
Starting event engine
Starting sbt command engine
Waiting for sbt command engine
Command engine arguments=List()
Command engine baseDirectory=C:\Users\Tina\Documents\TechnoWeb2\GAPP\play-java
Command engine initial remaining commands List(--initialize, onFailure load-failed, boot, server-send-ready-for-request, server-handle-next-server-request)
> --initialize
> initialize
> onFailure load-failed
> boot
> reload
[Loading] Scanning directory C:\Users\Tina\Documents\TechnoWeb2\GAPP\play-java\project
[Loading] Found non-root projects 
[Loading] Done in C:\Users\Tina\Documents\TechnoWeb2\GAPP\play-java\project, returning: ()
deducing auto plugins based on known facts Set(Atom(sbt.plugins.CorePlugin)) and clauses Clauses(List(Clause(Atom(sbt.plugins.JvmPlugin),Set(Atom(sbt.plugins.IvyPlugin))), Clause(Atom(sbt.plugins.JUnitXmlReportPlugin),Set(Atom(sbt.plugins.JvmPlugin))), Clause(Atom(sbt.plugins.CorePlugin),Set(Atom(sbt.plugins.IvyPlugin))), Clause(Atom(sbt.plugins.IvyPlugin),Set(Atom(sbt.plugins.JvmPlugin))), Clause(Atom(sbt.plugins.JvmPlugin),Set(Atom(sbt.plugins.JUnitXmlReportPlugin)))))
  :: deduced result: Matched(sbt.plugins.CorePlugin,sbt.plugins.IvyPlugin,sbt.plugins.JvmPlugin,sbt.plugins.JUnitXmlReportPlugin)
sorting: ns: List(sbt.plugins.CorePlugin, sbt.plugins.IvyPlugin, sbt.plugins.JvmPlugin, sbt.plugins.JUnitXmlReportPlugin)
  :: sorting:: found: List(sbt.plugins.CorePlugin) not found List(sbt.plugins.IvyPlugin, sbt.plugins.JvmPlugin, sbt.plugins.JUnitXmlReportPlugin)
  :: sorting:: found: List(sbt.plugins.CorePlugin, sbt.plugins.IvyPlugin) not found List(sbt.plugins.JvmPlugin, sbt.plugins.JUnitXmlReportPlugin)
  :: sorting:: found: List(sbt.plugins.CorePlugin, sbt.plugins.IvyPlugin, sbt.plugins.JvmPlugin) not found List(sbt.plugins.JUnitXmlReportPlugin)
  :: sorting:: found: List(sbt.plugins.CorePlugin, sbt.plugins.IvyPlugin, sbt.plugins.JvmPlugin, sbt.plugins.JUnitXmlReportPlugin) not found List()
  :: sorted deduced result: List(sbt.plugins.CorePlugin, sbt.plugins.IvyPlugin, sbt.plugins.JvmPlugin, sbt.plugins.JUnitXmlReportPlugin)
[Loading] Done in C:\Users\Tina\Documents\TechnoWeb2\GAPP\play-java\project, returning: (play-java-build)
Loading project definition from C:\Users\Tina\Documents\TechnoWeb2\GAPP\play-java\project
Running task... Cancel: sbt.TaskCancellationStrategy$Null$@2d625a2b, check cycles: false

Initial source changes: 
	removed:Set()
	added: Set()
	modified: Set()
Removed products: Set()
External API changes: API Changes: Set()
Modified binary dependencies: Set()
Initial directly invalidated sources: Set()

Sources indirectly invalidated by:
	product: Set()
	binary dep: Set()
	external source: Set()
All initially invalidated sources: Set()

Copy resource mappings: 
	
[Loading] Scanning directory C:\Users\Tina\Documents\TechnoWeb2\GAPP\play-java
[Loading] Found root project root w/ remaining 
deducing auto plugins based on known facts Set(Atom(play.sbt.PlayJava), Atom(play.ebean.sbt.PlayEbean), Atom(sbt.plugins.CorePlugin)) and clauses Clauses(List(Clause(Atom(sbt.plugins.JvmPlugin),Set(Atom(sbt.plugins.IvyPlugin))), Clause(Atom(sbt.plugins.JUnitXmlReportPlugin),Set(Atom(sbt.plugins.JvmPlugin))), Clause(Atom(play.sbt.forkrun.PlayForkRun),Set(Atom(sbt.plugins.BackgroundRunPlugin))), Clause(Atom(play.sbt.forkrun.PlayForkRun),Set(Atom(play.sbt.Play))), Clause(Atom(play.sbt.forkrun.PlayForkRun),Set(Atom(sbt.plugins.SerializersPlugin))), Clause(Atom(play.sbt.Play),Set(Atom(com.typesafe.sbt.packager.archetypes.JavaServerAppPackaging))), Clause(Atom(play.sbt.Play),Set(Atom(play.sbt.routes.RoutesCompiler))), Clause(Atom(play.sbt.Play),Set(Atom(play.twirl.sbt.SbtTwirl))), Clause(Atom(play.sbt.Play),Set(Atom(com.typesafe.sbt.jse.SbtJsTask))), Clause(Atom(play.sbt.PlayAkkaHttpServer),Set(Atom(play.sbt.Play))), Clause(Atom(play.sbt.PlayJava),Set(Atom(play.sbt.Play))), Clause(Atom(play.sbt.PlayLayoutPlugin),Set(Atom(play.sbt.Play))), Clause(Atom(play.sbt.PlayLogback),Set(Atom(play.sbt.Play))), Clause(Atom(play.sbt.PlayNettyServer),Set(Atom(play.sbt.Play))), Clause(Atom(play.sbt.PlayScala),Set(Atom(play.sbt.Play))), Clause(Atom(play.sbt.routes.RoutesCompiler),Set(Atom(sbt.plugins.JvmPlugin))), Clause(Atom(play.twirl.sbt.SbtTwirl),Set(Atom(sbt.plugins.JvmPlugin))), Clause(Atom(com.typesafe.sbt.packager.archetypes.AkkaAppPackaging),Set(Atom(com.typesafe.sbt.packager.archetypes.JavaAppPackaging))), Clause(Atom(com.typesafe.sbt.packager.archetypes.JavaAppPackaging),Set(Atom(com.typesafe.sbt.packager.windows.WindowsPlugin))), Clause(Atom(com.typesafe.sbt.packager.archetypes.JavaAppPackaging),Set(Atom(com.typesafe.sbt.packager.docker.DockerPlugin))), Clause(Atom(com.typesafe.sbt.packager.archetypes.JavaAppPackaging),Set(Atom(com.typesafe.sbt.packager.debian.DebianPlugin))), Clause(Atom(com.typesafe.sbt.packager.archetypes.JavaAppPackaging),Set(Atom(com.typesafe.sbt.packager.rpm.RpmPlugin))), Clause(Atom(com.typesafe.sbt.packager.archetypes.JavaServerAppPackaging),Set(Atom(com.typesafe.sbt.packager.archetypes.JavaAppPackaging))), Clause(Atom(com.typesafe.sbt.packager.archetypes.jar.ClasspathJarPlugin),Set(Atom(com.typesafe.sbt.packager.archetypes.JavaAppPackaging))), Clause(Atom(com.typesafe.sbt.packager.archetypes.jar.LauncherJarPlugin),Set(Atom(com.typesafe.sbt.packager.archetypes.JavaAppPackaging))), Clause(Atom(com.typesafe.sbt.packager.debian.DebianDeployPlugin),Set(Atom(com.typesafe.sbt.packager.debian.DebianPlugin))), Clause(Atom(com.typesafe.sbt.packager.debian.DebianPlugin),Set(Atom(com.typesafe.sbt.packager.linux.LinuxPlugin))), Clause(Atom(com.typesafe.sbt.packager.debian.JDebPackaging),Set(Atom(com.typesafe.sbt.packager.debian.DebianPlugin))), Clause(Atom(com.typesafe.sbt.packager.docker.DockerPlugin),Set(Atom(com.typesafe.sbt.packager.universal.UniversalPlugin))), Clause(Atom(com.typesafe.sbt.packager.jdkpackager.JDKPackagerDeployPlugin),Set(Atom(com.typesafe.sbt.packager.jdkpackager.JDKPackagerPlugin))), Clause(Atom(com.typesafe.sbt.packager.jdkpackager.JDKPackagerPlugin),Set(Atom(com.typesafe.sbt.packager.archetypes.JavaAppPackaging))), Clause(Atom(com.typesafe.sbt.packager.jdkpackager.JDKPackagerPlugin),Set(Atom(com.typesafe.sbt.packager.archetypes.jar.LauncherJarPlugin))), Clause(Atom(com.typesafe.sbt.packager.linux.LinuxPlugin),Set(Atom(com.typesafe.sbt.packager.universal.UniversalPlugin))), Clause(Atom(com.typesafe.sbt.packager.rpm.RpmDeployPlugin),Set(Atom(com.typesafe.sbt.packager.rpm.RpmPlugin))), Clause(Atom(com.typesafe.sbt.packager.rpm.RpmPlugin),Set(Atom(com.typesafe.sbt.packager.linux.LinuxPlugin))), Clause(Atom(com.typesafe.sbt.packager.universal.UniversalDeployPlugin),Set(Atom(com.typesafe.sbt.packager.universal.UniversalPlugin))), Clause(Atom(com.typesafe.sbt.packager.universal.UniversalPlugin),Set(Atom(com.typesafe.sbt.SbtNativePackager))), Clause(Atom(com.typesafe.sbt.packager.windows.WindowsDeployPlugin),Set(Atom(com.typesafe.sbt.packager.windows.WindowsPlugin))), Clause(Atom(com.typesafe.sbt.packager.windows.WindowsPlugin),Set(Atom(com.typesafe.sbt.packager.universal.UniversalPlugin))), Clause(Atom(com.typesafe.sbt.web.SbtWeb),Set(Atom(sbt.plugins.JvmPlugin))), Clause(Atom(com.typesafe.sbt.jse.SbtJsEngine),Set(Atom(com.typesafe.sbt.web.SbtWeb))), Clause(Atom(com.typesafe.sbt.jse.SbtJsTask),Set(Atom(com.typesafe.sbt.jse.SbtJsEngine))), Clause(Atom(sbt.plugins.BackgroundRunPlugin),Set(Atom(sbt.plugins.JvmPlugin))), Clause(Atom(com.typesafe.sbt.coffeescript.SbtCoffeeScript),Set(Atom(com.typesafe.sbt.jse.SbtJsTask))), Clause(Atom(com.typesafe.sbt.less.SbtLess),Set(Atom(com.typesafe.sbt.jse.SbtJsTask))), Clause(Atom(com.typesafe.sbt.jshint.SbtJSHint),Set(Atom(com.typesafe.sbt.jse.SbtJsTask))), Clause(Atom(com.typesafe.sbt.rjs.SbtRjs),Set(Atom(com.typesafe.sbt.jse.SbtJsTask))), Clause(Atom(com.typesafe.sbt.digest.SbtDigest),Set(Atom(com.typesafe.sbt.web.SbtWeb))), Clause(Atom(com.typesafe.sbt.mocha.SbtMocha),Set(Atom(com.typesafe.sbt.jse.SbtJsTask))), Clause(Atom(org.irundaia.sbt.sass.SbtSassify),Set(Atom(com.typesafe.sbt.web.SbtWeb))), Clause(Atom(com.typesafe.play.sbt.enhancer.PlayEnhancer),Set(Atom(sbt.plugins.JvmPlugin))), Clause(Atom(play.ebean.sbt.PlayEbean),Set(Atom(com.typesafe.play.sbt.enhancer.PlayEnhancer))), Clause(Atom(sbt.plugins.CorePlugin),Set(Atom(sbt.plugins.IvyPlugin))), Clause(Atom(sbt.plugins.IvyPlugin),Set(Atom(sbt.plugins.JvmPlugin))), Clause(Atom(sbt.plugins.JvmPlugin),Set(Atom(sbt.plugins.JUnitXmlReportPlugin))), Clause(And(Set(Atom(sbt.plugins.BackgroundRunPlugin), Atom(play.sbt.Play), Atom(sbt.plugins.SerializersPlugin))),Set(Atom(play.sbt.forkrun.PlayForkRun))), Clause(Atom(play.sbt.Play),Set(Atom(play.sbt.PlayLayoutPlugin))), Clause(Atom(play.sbt.Play),Set(Atom(play.sbt.PlayLogback))), Clause(Atom(play.sbt.Play),Set(Atom(play.sbt.PlayNettyServer))), Clause(Atom(com.typesafe.sbt.web.SbtWeb),Set(Atom(com.typesafe.sbt.jse.SbtJsEngine))), Clause(Atom(com.typesafe.sbt.jse.SbtJsEngine),Set(Atom(com.typesafe.sbt.jse.SbtJsTask))), Clause(Atom(sbt.plugins.JvmPlugin),Set(Atom(sbt.plugins.BackgroundRunPlugin))), Clause(Atom(sbt.plugins.CorePlugin),Set(Atom(sbt.plugins.InteractionServicePlugin))), Clause(Atom(sbt.plugins.CorePlugin),Set(Atom(sbt.plugins.SendEventServicePlugin))), Clause(Atom(sbt.plugins.CorePlugin),Set(Atom(sbt.plugins.SerializersPlugin))), Clause(Atom(com.typesafe.sbt.jse.SbtJsTask),Set(Atom(com.typesafe.sbt.coffeescript.SbtCoffeeScript))), Clause(Atom(com.typesafe.sbt.jse.SbtJsTask),Set(Atom(com.typesafe.sbt.less.SbtLess))), Clause(Atom(com.typesafe.sbt.jse.SbtJsTask),Set(Atom(com.typesafe.sbt.jshint.SbtJSHint))), Clause(Atom(com.typesafe.sbt.jse.SbtJsTask),Set(Atom(com.typesafe.sbt.rjs.SbtRjs))), Clause(Atom(com.typesafe.sbt.web.SbtWeb),Set(Atom(com.typesafe.sbt.digest.SbtDigest))), Clause(Atom(com.typesafe.sbt.jse.SbtJsTask),Set(Atom(com.typesafe.sbt.mocha.SbtMocha))), Clause(Atom(com.typesafe.sbt.web.SbtWeb),Set(Atom(org.irundaia.sbt.sass.SbtSassify))), Clause(Atom(sbt.plugins.JvmPlugin),Set(Atom(com.typesafe.play.sbt.enhancer.PlayEnhancer)))))
  :: deduced result: Matched(sbt.plugins.CorePlugin,play.ebean.sbt.PlayEbean,play.sbt.PlayJava,com.typesafe.play.sbt.enhancer.PlayEnhancer,sbt.plugins.InteractionServicePlugin,sbt.plugins.SendEventServicePlugin,play.sbt.Play,sbt.plugins.SerializersPlugin,sbt.plugins.IvyPlugin,com.typesafe.sbt.packager.archetypes.JavaServerAppPackaging,play.twirl.sbt.SbtTwirl,sbt.plugins.JvmPlugin,play.sbt.PlayNettyServer,play.sbt.PlayLayoutPlugin,play.sbt.routes.RoutesCompiler,play.sbt.PlayLogback,com.typesafe.sbt.jse.SbtJsTask,com.typesafe.sbt.jshint.SbtJSHint,com.typesafe.sbt.packager.archetypes.JavaAppPackaging,sbt.plugins.JUnitXmlReportPlugin,com.typesafe.sbt.mocha.SbtMocha,com.typesafe.sbt.less.SbtLess,com.typesafe.sbt.rjs.SbtRjs,com.typesafe.sbt.jse.SbtJsEngine,com.typesafe.sbt.coffeescript.SbtCoffeeScript,sbt.plugins.BackgroundRunPlugin,com.typesafe.sbt.packager.rpm.RpmPlugin,com.typesafe.sbt.packager.windows.WindowsPlugin,com.typesafe.sbt.web.SbtWeb,com.typesafe.sbt.packager.docker.DockerPlugin,play.sbt.forkrun.PlayForkRun,com.typesafe.sbt.packager.debian.DebianPlugin,org.irundaia.sbt.sass.SbtSassify,com.typesafe.sbt.digest.SbtDigest,com.typesafe.sbt.packager.universal.UniversalPlugin,com.typesafe.sbt.packager.linux.LinuxPlugin,com.typesafe.sbt.SbtNativePackager)
sorting: ns: List(sbt.plugins.CorePlugin, play.ebean.sbt.PlayEbean, play.sbt.PlayJava, com.typesafe.play.sbt.enhancer.PlayEnhancer, sbt.plugins.InteractionServicePlugin, sbt.plugins.SendEventServicePlugin, play.sbt.Play, sbt.plugins.SerializersPlugin, sbt.plugins.IvyPlugin, com.typesafe.sbt.packager.archetypes.JavaServerAppPackaging, play.twirl.sbt.SbtTwirl, sbt.plugins.JvmPlugin, play.sbt.PlayNettyServer, play.sbt.PlayLayoutPlugin, play.sbt.routes.RoutesCompiler, play.sbt.PlayLogback, com.typesafe.sbt.jse.SbtJsTask, com.typesafe.sbt.jshint.SbtJSHint, com.typesafe.sbt.packager.archetypes.JavaAppPackaging, sbt.plugins.JUnitXmlReportPlugin, com.typesafe.sbt.mocha.SbtMocha, com.typesafe.sbt.less.SbtLess, com.typesafe.sbt.rjs.SbtRjs, com.typesafe.sbt.jse.SbtJsEngine, com.typesafe.sbt.coffeescript.SbtCoffeeScript, sbt.plugins.BackgroundRunPlugin, com.typesafe.sbt.packager.rpm.RpmPlugin, com.typesafe.sbt.packager.windows.WindowsPlugin, com.typesafe.sbt.web.SbtWeb, com.typesafe.sbt.packager.docker.DockerPlugin, play.sbt.forkrun.PlayForkRun, com.typesafe.sbt.packager.debian.DebianPlugin, org.irundaia.sbt.sass.SbtSassify, com.typesafe.sbt.digest.SbtDigest, com.typesafe.sbt.packager.universal.UniversalPlugin, com.typesafe.sbt.packager.linux.LinuxPlugin, com.typesafe.sbt.SbtNativePackager)
  :: sorting:: found: List(sbt.plugins.CorePlugin, com.typesafe.sbt.SbtNativePackager) not found List(play.ebean.sbt.PlayEbean, play.sbt.PlayJava, com.typesafe.play.sbt.enhancer.PlayEnhancer, sbt.plugins.InteractionServicePlugin, sbt.plugins.SendEventServicePlugin, play.sbt.Play, sbt.plugins.SerializersPlugin, sbt.plugins.IvyPlugin, com.typesafe.sbt.packager.archetypes.JavaServerAppPackaging, play.twirl.sbt.SbtTwirl, sbt.plugins.JvmPlugin, play.sbt.PlayNettyServer, play.sbt.PlayLayoutPlugin, play.sbt.routes.RoutesCompiler, play.sbt.PlayLogback, com.typesafe.sbt.jse.SbtJsTask, com.typesafe.sbt.jshint.SbtJSHint, com.typesafe.sbt.packager.archetypes.JavaAppPackaging, sbt.plugins.JUnitXmlReportPlugin, com.typesafe.sbt.mocha.SbtMocha, com.typesafe.sbt.less.SbtLess, com.typesafe.sbt.rjs.SbtRjs, com.typesafe.sbt.jse.SbtJsEngine, com.typesafe.sbt.coffeescript.SbtCoffeeScript, sbt.plugins.BackgroundRunPlugin, com.typesafe.sbt.packager.rpm.RpmPlugin, com.typesafe.sbt.packager.windows.WindowsPlugin, com.typesafe.sbt.web.SbtWeb, com.typesafe.sbt.packager.docker.DockerPlugin, play.sbt.forkrun.PlayForkRun, com.typesafe.sbt.packager.debian.DebianPlugin, org.irundaia.sbt.sass.SbtSassify, com.typesafe.sbt.digest.SbtDigest, com.typesafe.sbt.packager.universal.UniversalPlugin, com.typesafe.sbt.packager.linux.LinuxPlugin)
  :: sorting:: found: List(sbt.plugins.CorePlugin, com.typesafe.sbt.SbtNativePackager, sbt.plugins.InteractionServicePlugin, sbt.plugins.SendEventServicePlugin, sbt.plugins.SerializersPlugin, sbt.plugins.IvyPlugin, com.typesafe.sbt.packager.universal.UniversalPlugin) not found List(play.ebean.sbt.PlayEbean, play.sbt.PlayJava, com.typesafe.play.sbt.enhancer.PlayEnhancer, play.sbt.Play, com.typesafe.sbt.packager.archetypes.JavaServerAppPackaging, play.twirl.sbt.SbtTwirl, sbt.plugins.JvmPlugin, play.sbt.PlayNettyServer, play.sbt.PlayLayoutPlugin, play.sbt.routes.RoutesCompiler, play.sbt.PlayLogback, com.typesafe.sbt.jse.SbtJsTask, com.typesafe.sbt.jshint.SbtJSHint, com.typesafe.sbt.packager.archetypes.JavaAppPackaging, sbt.plugins.JUnitXmlReportPlugin, com.typesafe.sbt.mocha.SbtMocha, com.typesafe.sbt.less.SbtLess, com.typesafe.sbt.rjs.SbtRjs, com.typesafe.sbt.jse.SbtJsEngine, com.typesafe.sbt.coffeescript.SbtCoffeeScript, sbt.plugins.BackgroundRunPlugin, com.typesafe.sbt.packager.rpm.RpmPlugin, com.typesafe.sbt.packager.windows.WindowsPlugin, com.typesafe.sbt.web.SbtWeb, com.typesafe.sbt.packager.docker.DockerPlugin, play.sbt.forkrun.PlayForkRun, com.typesafe.sbt.packager.debian.DebianPlugin, org.irundaia.sbt.sass.SbtSassify, com.typesafe.sbt.digest.SbtDigest, com.typesafe.sbt.packager.linux.LinuxPlugin)
  :: sorting:: found: List(sbt.plugins.CorePlugin, com.typesafe.sbt.SbtNativePackager, sbt.plugins.InteractionServicePlugin, sbt.plugins.SendEventServicePlugin, sbt.plugins.SerializersPlugin, sbt.plugins.IvyPlugin, com.typesafe.sbt.packager.universal.UniversalPlugin, sbt.plugins.JvmPlugin, com.typesafe.sbt.packager.windows.WindowsPlugin, com.typesafe.sbt.packager.docker.DockerPlugin, com.typesafe.sbt.packager.linux.LinuxPlugin) not found List(play.ebean.sbt.PlayEbean, play.sbt.PlayJava, com.typesafe.play.sbt.enhancer.PlayEnhancer, play.sbt.Play, com.typesafe.sbt.packager.archetypes.JavaServerAppPackaging, play.twirl.sbt.SbtTwirl, play.sbt.PlayNettyServer, play.sbt.PlayLayoutPlugin, play.sbt.routes.RoutesCompiler, play.sbt.PlayLogback, com.typesafe.sbt.jse.SbtJsTask, com.typesafe.sbt.jshint.SbtJSHint, com.typesafe.sbt.packager.archetypes.JavaAppPackaging, sbt.plugins.JUnitXmlReportPlugin, com.typesafe.sbt.mocha.SbtMocha, com.typesafe.sbt.less.SbtLess, com.typesafe.sbt.rjs.SbtRjs, com.typesafe.sbt.jse.SbtJsEngine, com.typesafe.sbt.coffeescript.SbtCoffeeScript, sbt.plugins.BackgroundRunPlugin, com.typesafe.sbt.packager.rpm.RpmPlugin, com.typesafe.sbt.web.SbtWeb, play.sbt.forkrun.PlayForkRun, com.typesafe.sbt.packager.debian.DebianPlugin, org.irundaia.sbt.sass.SbtSassify, com.typesafe.sbt.digest.SbtDigest)
  :: sorting:: found: List(sbt.plugins.CorePlugin, com.typesafe.sbt.SbtNativePackager, sbt.plugins.InteractionServicePlugin, sbt.plugins.SendEventServicePlugin, sbt.plugins.SerializersPlugin, sbt.plugins.IvyPlugin, com.typesafe.sbt.packager.universal.UniversalPlugin, sbt.plugins.JvmPlugin, com.typesafe.sbt.packager.windows.WindowsPlugin, com.typesafe.sbt.packager.docker.DockerPlugin, com.typesafe.sbt.packager.linux.LinuxPlugin, com.typesafe.play.sbt.enhancer.PlayEnhancer, play.twirl.sbt.SbtTwirl, play.sbt.routes.RoutesCompiler, sbt.plugins.JUnitXmlReportPlugin, sbt.plugins.BackgroundRunPlugin, com.typesafe.sbt.packager.rpm.RpmPlugin, com.typesafe.sbt.web.SbtWeb, com.typesafe.sbt.packager.debian.DebianPlugin) not found List(play.ebean.sbt.PlayEbean, play.sbt.PlayJava, play.sbt.Play, com.typesafe.sbt.packager.archetypes.JavaServerAppPackaging, play.sbt.PlayNettyServer, play.sbt.PlayLayoutPlugin, play.sbt.PlayLogback, com.typesafe.sbt.jse.SbtJsTask, com.typesafe.sbt.jshint.SbtJSHint, com.typesafe.sbt.packager.archetypes.JavaAppPackaging, com.typesafe.sbt.mocha.SbtMocha, com.typesafe.sbt.less.SbtLess, com.typesafe.sbt.rjs.SbtRjs, com.typesafe.sbt.jse.SbtJsEngine, com.typesafe.sbt.coffeescript.SbtCoffeeScript, play.sbt.forkrun.PlayForkRun, org.irundaia.sbt.sass.SbtSassify, com.typesafe.sbt.digest.SbtDigest)
  :: sorting:: found: List(sbt.plugins.CorePlugin, com.typesafe.sbt.SbtNativePackager, sbt.plugins.InteractionServicePlugin, sbt.plugins.SendEventServicePlugin, sbt.plugins.SerializersPlugin, sbt.plugins.IvyPlugin, com.typesafe.sbt.packager.universal.UniversalPlugin, sbt.plugins.JvmPlugin, com.typesafe.sbt.packager.windows.WindowsPlugin, com.typesafe.sbt.packager.docker.DockerPlugin, com.typesafe.sbt.packager.linux.LinuxPlugin, com.typesafe.play.sbt.enhancer.PlayEnhancer, play.twirl.sbt.SbtTwirl, play.sbt.routes.RoutesCompiler, sbt.plugins.JUnitXmlReportPlugin, sbt.plugins.BackgroundRunPlugin, com.typesafe.sbt.packager.rpm.RpmPlugin, com.typesafe.sbt.web.SbtWeb, com.typesafe.sbt.packager.debian.DebianPlugin, play.ebean.sbt.PlayEbean, com.typesafe.sbt.packager.archetypes.JavaAppPackaging, com.typesafe.sbt.jse.SbtJsEngine, org.irundaia.sbt.sass.SbtSassify, com.typesafe.sbt.digest.SbtDigest) not found List(play.sbt.PlayJava, play.sbt.Play, com.typesafe.sbt.packager.archetypes.JavaServerAppPackaging, play.sbt.PlayNettyServer, play.sbt.PlayLayoutPlugin, play.sbt.PlayLogback, com.typesafe.sbt.jse.SbtJsTask, com.typesafe.sbt.jshint.SbtJSHint, com.typesafe.sbt.mocha.SbtMocha, com.typesafe.sbt.less.SbtLess, com.typesafe.sbt.rjs.SbtRjs, com.typesafe.sbt.coffeescript.SbtCoffeeScript, play.sbt.forkrun.PlayForkRun)
  :: sorting:: found: List(sbt.plugins.CorePlugin, com.typesafe.sbt.SbtNativePackager, sbt.plugins.InteractionServicePlugin, sbt.plugins.SendEventServicePlugin, sbt.plugins.SerializersPlugin, sbt.plugins.IvyPlugin, com.typesafe.sbt.packager.universal.UniversalPlugin, sbt.plugins.JvmPlugin, com.typesafe.sbt.packager.windows.WindowsPlugin, com.typesafe.sbt.packager.docker.DockerPlugin, com.typesafe.sbt.packager.linux.LinuxPlugin, com.typesafe.play.sbt.enhancer.PlayEnhancer, play.twirl.sbt.SbtTwirl, play.sbt.routes.RoutesCompiler, sbt.plugins.JUnitXmlReportPlugin, sbt.plugins.BackgroundRunPlugin, com.typesafe.sbt.packager.rpm.RpmPlugin, com.typesafe.sbt.web.SbtWeb, com.typesafe.sbt.packager.debian.DebianPlugin, play.ebean.sbt.PlayEbean, com.typesafe.sbt.packager.archetypes.JavaAppPackaging, com.typesafe.sbt.jse.SbtJsEngine, org.irundaia.sbt.sass.SbtSassify, com.typesafe.sbt.digest.SbtDigest, com.typesafe.sbt.packager.archetypes.JavaServerAppPackaging, com.typesafe.sbt.jse.SbtJsTask) not found List(play.sbt.PlayJava, play.sbt.Play, play.sbt.PlayNettyServer, play.sbt.PlayLayoutPlugin, play.sbt.PlayLogback, com.typesafe.sbt.jshint.SbtJSHint, com.typesafe.sbt.mocha.SbtMocha, com.typesafe.sbt.less.SbtLess, com.typesafe.sbt.rjs.SbtRjs, com.typesafe.sbt.coffeescript.SbtCoffeeScript, play.sbt.forkrun.PlayForkRun)
  :: sorting:: found: List(sbt.plugins.CorePlugin, com.typesafe.sbt.SbtNativePackager, sbt.plugins.InteractionServicePlugin, sbt.plugins.SendEventServicePlugin, sbt.plugins.SerializersPlugin, sbt.plugins.IvyPlugin, com.typesafe.sbt.packager.universal.UniversalPlugin, sbt.plugins.JvmPlugin, com.typesafe.sbt.packager.windows.WindowsPlugin, com.typesafe.sbt.packager.docker.DockerPlugin, com.typesafe.sbt.packager.linux.LinuxPlugin, com.typesafe.play.sbt.enhancer.PlayEnhancer, play.twirl.sbt.SbtTwirl, play.sbt.routes.RoutesCompiler, sbt.plugins.JUnitXmlReportPlugin, sbt.plugins.BackgroundRunPlugin, com.typesafe.sbt.packager.rpm.RpmPlugin, com.typesafe.sbt.web.SbtWeb, com.typesafe.sbt.packager.debian.DebianPlugin, play.ebean.sbt.PlayEbean, com.typesafe.sbt.packager.archetypes.JavaAppPackaging, com.typesafe.sbt.jse.SbtJsEngine, org.irundaia.sbt.sass.SbtSassify, com.typesafe.sbt.digest.SbtDigest, com.typesafe.sbt.packager.archetypes.JavaServerAppPackaging, com.typesafe.sbt.jse.SbtJsTask, play.sbt.Play, com.typesafe.sbt.jshint.SbtJSHint, com.typesafe.sbt.mocha.SbtMocha, com.typesafe.sbt.less.SbtLess, com.typesafe.sbt.rjs.SbtRjs, com.typesafe.sbt.coffeescript.SbtCoffeeScript) not found List(play.sbt.PlayJava, play.sbt.PlayNettyServer, play.sbt.PlayLayoutPlugin, play.sbt.PlayLogback, play.sbt.forkrun.PlayForkRun)
  :: sorting:: found: List(sbt.plugins.CorePlugin, com.typesafe.sbt.SbtNativePackager, sbt.plugins.InteractionServicePlugin, sbt.plugins.SendEventServicePlugin, sbt.plugins.SerializersPlugin, sbt.plugins.IvyPlugin, com.typesafe.sbt.packager.universal.UniversalPlugin, sbt.plugins.JvmPlugin, com.typesafe.sbt.packager.windows.WindowsPlugin, com.typesafe.sbt.packager.docker.DockerPlugin, com.typesafe.sbt.packager.linux.LinuxPlugin, com.typesafe.play.sbt.enhancer.PlayEnhancer, play.twirl.sbt.SbtTwirl, play.sbt.routes.RoutesCompiler, sbt.plugins.JUnitXmlReportPlugin, sbt.plugins.BackgroundRunPlugin, com.typesafe.sbt.packager.rpm.RpmPlugin, com.typesafe.sbt.web.SbtWeb, com.typesafe.sbt.packager.debian.DebianPlugin, play.ebean.sbt.PlayEbean, com.typesafe.sbt.packager.archetypes.JavaAppPackaging, com.typesafe.sbt.jse.SbtJsEngine, org.irundaia.sbt.sass.SbtSassify, com.typesafe.sbt.digest.SbtDigest, com.typesafe.sbt.packager.archetypes.JavaServerAppPackaging, com.typesafe.sbt.jse.SbtJsTask, play.sbt.Play, com.typesafe.sbt.jshint.SbtJSHint, com.typesafe.sbt.mocha.SbtMocha, com.typesafe.sbt.less.SbtLess, com.typesafe.sbt.rjs.SbtRjs, com.typesafe.sbt.coffeescript.SbtCoffeeScript, play.sbt.PlayJava, play.sbt.PlayNettyServer, play.sbt.PlayLayoutPlugin, play.sbt.PlayLogback, play.sbt.forkrun.PlayForkRun) not found List()
  :: sorted deduced result: List(sbt.plugins.CorePlugin, com.typesafe.sbt.SbtNativePackager, sbt.plugins.InteractionServicePlugin, sbt.plugins.SendEventServicePlugin, sbt.plugins.SerializersPlugin, sbt.plugins.IvyPlugin, com.typesafe.sbt.packager.universal.UniversalPlugin, sbt.plugins.JvmPlugin, com.typesafe.sbt.packager.windows.WindowsPlugin, com.typesafe.sbt.packager.docker.DockerPlugin, com.typesafe.sbt.packager.linux.LinuxPlugin, com.typesafe.play.sbt.enhancer.PlayEnhancer, play.twirl.sbt.SbtTwirl, play.sbt.routes.RoutesCompiler, sbt.plugins.JUnitXmlReportPlugin, sbt.plugins.BackgroundRunPlugin, com.typesafe.sbt.packager.rpm.RpmPlugin, com.typesafe.sbt.web.SbtWeb, com.typesafe.sbt.packager.debian.DebianPlugin, play.ebean.sbt.PlayEbean, com.typesafe.sbt.packager.archetypes.JavaAppPackaging, com.typesafe.sbt.jse.SbtJsEngine, org.irundaia.sbt.sass.SbtSassify, com.typesafe.sbt.digest.SbtDigest, com.typesafe.sbt.packager.archetypes.JavaServerAppPackaging, com.typesafe.sbt.jse.SbtJsTask, play.sbt.Play, com.typesafe.sbt.jshint.SbtJSHint, com.typesafe.sbt.mocha.SbtMocha, com.typesafe.sbt.less.SbtLess, com.typesafe.sbt.rjs.SbtRjs, com.typesafe.sbt.coffeescript.SbtCoffeeScript, play.sbt.PlayJava, play.sbt.PlayNettyServer, play.sbt.PlayLayoutPlugin, play.sbt.PlayLogback, play.sbt.forkrun.PlayForkRun)
[Loading] Done in C:\Users\Tina\Documents\TechnoWeb2\GAPP\play-java, returning: (root)
Set current project to play-java (in build file:/C:/Users/Tina/Documents/TechnoWeb2/GAPP/play-java/)
Reapplying settings...
Set current project to play-java (in build file:/C:/Users/Tina/Documents/TechnoWeb2/GAPP/play-java/)
> iflast shell
> server-send-ready-for-request
> server-handle-next-server-request
> {file:/C:/Users/Tina/Documents/TechnoWeb2/GAPP/play-java/}root/compile:mainClass
Evaluating tasks: compile:mainClass
Running task... Cancel: sbt.server.ServerTaskCancellation@6a358542, check cycles: false
Total time: 0 s, completed 31 mai 2016 08:49:52
> server-post-command-cleanup
> server-handle-next-server-request
> {file:/C:/Users/Tina/Documents/TechnoWeb2/GAPP/play-java/}root/compile:discoveredMainClasses
Evaluating tasks: compile:discoveredMainClasses
Running task... Cancel: sbt.server.ServerTaskCancellation@32900fb3, check cycles: false

Initial source changes: 
	removed:Set()
	added: Set()
	modified: Set()
Removed products: Set()
External API changes: API Changes: Set()
Modified binary dependencies: Set()
Initial directly invalidated sources: Set()

Sources indirectly invalidated by:
	product: Set()
	binary dep: Set()
	external source: Set()
All initially invalidated sources: Set()

Total time: 6 s, completed 31 mai 2016 08:49:59
> server-post-command-cleanup
> server-handle-next-server-request
> {file:/C:/Users/Tina/Documents/TechnoWeb2/GAPP/play-java/}root/compile:mainClass
Evaluating tasks: compile:mainClass
Running task... Cancel: sbt.server.ServerTaskCancellation@7482f4a5, check cycles: false
Total time: 0 s, completed 31 mai 2016 08:49:59
> server-post-command-cleanup
> server-handle-next-server-request
> {file:/C:/Users/Tina/Documents/TechnoWeb2/GAPP/play-java/}root/compile:discoveredMainClasses
Evaluating tasks: compile:discoveredMainClasses
Running task... Cancel: sbt.server.ServerTaskCancellation@22c0b2ff, check cycles: false

Initial source changes: 
	removed:Set()
	added: Set()
	modified: Set()
Removed products: Set()
External API changes: API Changes: Set()
Modified binary dependencies: Set()
Initial directly invalidated sources: Set()

Sources indirectly invalidated by:
	product: Set()
	binary dep: Set()
	external source: Set()
All initially invalidated sources: Set()

Total time: 1 s, completed 31 mai 2016 08:50:00
> server-post-command-cleanup
> server-handle-next-server-request
> backgroundRun
Evaluating tasks: compile:backgroundRun
Running task... Cancel: sbt.server.ServerTaskCancellation@f521093, check cycles: false
Total time: 0 s, completed 31 mai 2016 08:50:05
> server-post-command-cleanup
> server-handle-next-server-request
> {file:/C:/Users/Tina/Documents/TechnoWeb2/GAPP/play-java/}root/*:playForkConfig
Evaluating tasks: *:playForkConfig
Running task... Cancel: sbt.server.ServerTaskCancellation@5a09b37c, check cycles: false
Total time: 1 s, completed 31 mai 2016 08:50:22
> server-post-command-cleanup
> server-handle-next-server-request
> root/playForkNotifyStart http://localhost:9000
Evaluating tasks: *:playForkNotifyStart
Running task... Cancel: sbt.server.ServerTaskCancellation@deac627, check cycles: false
Total time: 0 s, completed 31 mai 2016 08:50:29
> server-post-command-cleanup
> server-handle-next-server-request
> {file:/C:/Users/Tina/Documents/TechnoWeb2/GAPP/play-java/}root/*:playForkReload
Evaluating tasks: *:playForkReload
Running task... Cancel: sbt.server.ServerTaskCancellation@7fac1e54, check cycles: false

Initial source changes: 
	removed:Set()
	added: Set()
	modified: Set()
Removed products: Set()
External API changes: API Changes: Set()
Modified binary dependencies: Set()
Initial directly invalidated sources: Set()

Sources indirectly invalidated by:
	product: Set()
	binary dep: Set()
	external source: Set()
All initially invalidated sources: Set()

Copy resource mappings: 
	(C:\Users\Tina\Documents\TechnoWeb2\GAPP\play-java\conf\application.conf,C:\Users\Tina\Documents\TechnoWeb2\GAPP\play-java\target\scala-2.11\classes\application.conf)
	(C:\Users\Tina\Documents\TechnoWeb2\GAPP\play-java\conf\evolutions,C:\Users\Tina\Documents\TechnoWeb2\GAPP\play-java\target\scala-2.11\classes\evolutions)
	(C:\Users\Tina\Documents\TechnoWeb2\GAPP\play-java\conf\logback.xml,C:\Users\Tina\Documents\TechnoWeb2\GAPP\play-java\target\scala-2.11\classes\logback.xml)
	(C:\Users\Tina\Documents\TechnoWeb2\GAPP\play-java\conf\routes,C:\Users\Tina\Documents\TechnoWeb2\GAPP\play-java\target\scala-2.11\classes\routes)
	(C:\Users\Tina\Documents\TechnoWeb2\GAPP\play-java\conf\evolutions\default,C:\Users\Tina\Documents\TechnoWeb2\GAPP\play-java\target\scala-2.11\classes\evolutions\default)
	(C:\Users\Tina\Documents\TechnoWeb2\GAPP\play-java\conf\evolutions\default\1.sql,C:\Users\Tina\Documents\TechnoWeb2\GAPP\play-java\target\scala-2.11\classes\evolutions\default\1.sql)
Total time: 5 s, completed 31 mai 2016 08:51:44
> server-post-command-cleanup
> server-handle-next-server-request
> compile
Evaluating tasks: compile:compile
Running task... Cancel: sbt.server.ServerTaskCancellation@91e272f, check cycles: false

Initial source changes: 
	removed:Set()
	added: Set()
	modified: Set(C:\Users\Tina\Documents\TechnoWeb2\GAPP\play-java\app\controllers\Competences.java)
Removed products: Set()
External API changes: API Changes: Set()
Modified binary dependencies: Set()
Initial directly invalidated sources: Set(C:\Users\Tina\Documents\TechnoWeb2\GAPP\play-java\app\controllers\Competences.java)

Sources indirectly invalidated by:
	product: Set()
	binary dep: Set()
	external source: Set()
All initially invalidated sources: Set(C:\Users\Tina\Documents\TechnoWeb2\GAPP\play-java\app\controllers\Competences.java)

Read from stdout: Compiling 1 Java source to C:\Users\Tina\Documents\TechnoWeb2\GAPP\play-java\target\scala-2.11\classes...
Compiling 1 Java source to C:\Users\Tina\Documents\TechnoWeb2\GAPP\play-java\target\scala-2.11\classes...
Read from stdout: C:\Users\Tina\Documents\TechnoWeb2\GAPP\play-java\app\controllers\Competences.java:27:  error: method create in class T_competence_p cannot be applied to given types;
C:\Users\Tina\Documents\TechnoWeb2\GAPP\play-java\app\controllers\Competences.java:27:  error: method create in class T_competence_p cannot be applied to given types;
Read from stdout: if (T_competence_p.create(name, parentId, description, coeff) == null) {
Read from stdout: ^
            if (T_competence_p.create(name, parentId, description, coeff) == null) {
                              ^
Read from stdout: (compile:compileIncremental) javac returned nonzero exit code
(compile:compileIncremental) javac returned nonzero exit code
Total time: 3 s, completed 31 mai 2016 08:56:45
> server-post-command-error-handler
> server-post-command-cleanup
> server-handle-next-server-request
> compile
Evaluating tasks: compile:compile
Running task... Cancel: sbt.server.ServerTaskCancellation@2cb2a1a2, check cycles: false

Initial source changes: 
	removed:Set()
	added: Set()
	modified: Set(C:\Users\Tina\Documents\TechnoWeb2\GAPP\play-java\app\controllers\Competences.java, C:\Users\Tina\Documents\TechnoWeb2\GAPP\play-java\app\models\T_competence_p.java)
Removed products: Set()
External API changes: API Changes: Set()
Modified binary dependencies: Set()
Initial directly invalidated sources: Set(C:\Users\Tina\Documents\TechnoWeb2\GAPP\play-java\app\controllers\Competences.java, C:\Users\Tina\Documents\TechnoWeb2\GAPP\play-java\app\models\T_competence_p.java)

Sources indirectly invalidated by:
	product: Set()
	binary dep: Set()
	external source: Set()
All initially invalidated sources: Set(C:\Users\Tina\Documents\TechnoWeb2\GAPP\play-java\app\controllers\Competences.java, C:\Users\Tina\Documents\TechnoWeb2\GAPP\play-java\app\models\T_competence_p.java)

Read from stdout: Compiling 2 Java sources to C:\Users\Tina\Documents\TechnoWeb2\GAPP\play-java\target\scala-2.11\classes...
Compiling 2 Java sources to C:\Users\Tina\Documents\TechnoWeb2\GAPP\play-java\target\scala-2.11\classes...
Read from stdout: Note: Some input files use or override a deprecated API.
Note: Some input files use or override a deprecated API.
Read from stdout: Note: Recompile with -Xlint:deprecation for details.
Note: Recompile with -Xlint:deprecation for details.
Read from stdout: Note: C:\Users\Tina\Documents\TechnoWeb2\GAPP\play-java\app\models\T_competence_p.java uses unchecked or unsafe operations.
Note: C:\Users\Tina\Documents\TechnoWeb2\GAPP\play-java\app\models\T_competence_p.java uses unchecked or unsafe operations.
Read from stdout: Note: Recompile with -Xlint:unchecked for details.
Note: Recompile with -Xlint:unchecked for details.
Java compilation took 1.335684447 s
Java analysis took 0.321539639 s
Java compile + analysis took 1.705915322 s
Invalidating C:\Users\Tina\Documents\TechnoWeb2\GAPP\play-java\app\controllers\Competences.java...
Invalidating (transitively) by inheritance from C:\Users\Tina\Documents\TechnoWeb2\GAPP\play-java\app\controllers\Competences.java...
Initial set of included nodes: Set(C:\Users\Tina\Documents\TechnoWeb2\GAPP\play-java\app\controllers\Competences.java)
Invalidated by transitive inheritance dependency: Set(C:\Users\Tina\Documents\TechnoWeb2\GAPP\play-java\app\controllers\Competences.java)
The C:\Users\Tina\Documents\TechnoWeb2\GAPP\play-java\app\controllers\Competences.java source file has the following regular definitions changed:
	id.
All member reference dependencies will be considered within this context.
Name hashing optimization doesn't apply to non-Scala dependency: C:\Users\Tina\Documents\TechnoWeb2\GAPP\play-java\app\controllers\Competences.java
None of the modified names appears in C:\Users\Tina\Documents\TechnoWeb2\GAPP\play-java\target\scala-2.11\routes\main\router\Routes.scala. This dependency is not being considered for invalidation.
None of the modified names appears in C:\Users\Tina\Documents\TechnoWeb2\GAPP\play-java\target\scala-2.11\twirl\main\views\html\Ajout_Competences.template.scala. This dependency is not being considered for invalidation.
New invalidations:
	Set()
Initial set of included nodes: Set()
Previously invalidated, but (transitively) depend on new invalidations:
	Set()
All newly invalidated sources after taking into account (previously) recompiled sources:Set()
C:\Users\Tina\Documents\TechnoWeb2\GAPP\play-java\target\scala-2.11\classes\controllers\Competences.class (Le processus ne peut pas accéder au fichier car ce fichier est utilisé par un autre processus)
java.io.FileNotFoundException: C:\Users\Tina\Documents\TechnoWeb2\GAPP\play-java\target\scala-2.11\classes\controllers\Competences.class (Le processus ne peut pas accéder au fichier car ce fichier est utilisé par un autre processus)
	at java.io.FileOutputStream.open0(Native Method)
	at java.io.FileOutputStream.open(Unknown Source)
	at java.io.FileOutputStream.<init>(Unknown Source)
	at java.io.FileOutputStream.<init>(Unknown Source)
	at play.core.enhancers.PropertiesEnhancer.generateAccessors(PropertiesEnhancer.java:126)
	at com.typesafe.play.sbt.enhancer.PlayEnhancer$$anonfun$scopedSettings$3.apply(PlayEnhancer.scala:43)
	at com.typesafe.play.sbt.enhancer.PlayEnhancer$$anonfun$scopedSettings$3.apply(PlayEnhancer.scala:43)
	at scala.Function2$$anonfun$curried$1$$anonfun$apply$1.apply(Function2.scala:45)
	at scala.collection.TraversableLike$$anonfun$filter$1.apply(TraversableLike.scala:264)
	at scala.collection.mutable.ResizableArray$class.foreach(ResizableArray.scala:59)
	at scala.collection.mutable.ArrayBuffer.foreach(ArrayBuffer.scala:47)
	at scala.collection.TraversableLike$class.filter(TraversableLike.scala:263)
	at scala.collection.AbstractTraversable.filter(Traversable.scala:105)
	at com.typesafe.play.sbt.enhancer.PlayEnhancer$$anonfun$bytecodeEnhance$1$$anonfun$apply$2.apply(PlayEnhancer.scala:71)
	at com.typesafe.play.sbt.enhancer.PlayEnhancer$$anonfun$bytecodeEnhance$1$$anonfun$apply$2.apply(PlayEnhancer.scala:48)
	at com.typesafe.play.sbt.enhancer.PlayEnhancer$$anonfun$scopedSettings$2.apply(PlayEnhancer.scala:38)
	at com.typesafe.play.sbt.enhancer.PlayEnhancer$$anonfun$scopedSettings$2.apply(PlayEnhancer.scala:34)
	at scala.Function1$$anonfun$compose$1.apply(Function1.scala:47)
	at sbt.$tilde$greater$$anonfun$$u2219$1.apply(TypeFunctions.scala:40)
	at sbt.std.Transform$$anon$4.work(System.scala:63)
	at sbt.Execute$$anonfun$submit$1$$anonfun$apply$1.apply(Execute.scala:226)
	at sbt.Execute$$anonfun$submit$1$$anonfun$apply$1.apply(Execute.scala:226)
	at sbt.ErrorHandling$.wideConvert(ErrorHandling.scala:17)
	at sbt.Execute.work(Execute.scala:235)
	at sbt.Execute$$anonfun$submit$1.apply(Execute.scala:226)
	at sbt.Execute$$anonfun$submit$1.apply(Execute.scala:226)
	at sbt.ConcurrentRestrictions$$anon$4$$anonfun$1.apply(ConcurrentRestrictions.scala:159)
	at sbt.CompletionService$$anon$2.call(CompletionService.scala:28)
	at java.util.concurrent.FutureTask.run(Unknown Source)
	at java.util.concurrent.Executors$RunnableAdapter.call(Unknown Source)
	at java.util.concurrent.FutureTask.run(Unknown Source)
	at java.util.concurrent.ThreadPoolExecutor.runWorker(Unknown Source)
	at java.util.concurrent.ThreadPoolExecutor$Worker.run(Unknown Source)
	at java.lang.Thread.run(Unknown Source)
Read from stdout: (compile:manipulateBytecode) java.io.FileNotFoundException: C:\Users\Tina\Documents\TechnoWeb2\GAPP\play-java\target\scala-2.11\classes\controllers\Competences.class (Le processus ne peut pas accéder au fichier car ce fichier est utilisé par un autre processus)
(compile:manipulateBytecode) java.io.FileNotFoundException: C:\Users\Tina\Documents\TechnoWeb2\GAPP\play-java\target\scala-2.11\classes\controllers\Competences.class (Le processus ne peut pas accéder au fichier car ce fichier est utilisé par un autre processus)
Total time: 3 s, completed 31 mai 2016 08:58:25
> server-post-command-error-handler
> server-post-command-cleanup
> server-handle-next-server-request
> {file:/C:/Users/Tina/Documents/TechnoWeb2/GAPP/play-java/}root/*:playForkReload
Evaluating tasks: *:playForkReload
Running task... Cancel: sbt.server.ServerTaskCancellation@2d8b0ed, check cycles: false

Initial source changes: 
	removed:Set()
	added: Set()
	modified: Set(C:\Users\Tina\Documents\TechnoWeb2\GAPP\play-java\target\scala-2.11\twirl\main\views\html\Ajout_Competences.template.scala, C:\Users\Tina\Documents\TechnoWeb2\GAPP\play-java\app\controllers\Competences.java, C:\Users\Tina\Documents\TechnoWeb2\GAPP\play-java\app\models\T_competence_p.java)
Removed products: Set(C:\Users\Tina\Documents\TechnoWeb2\GAPP\play-java\target\scala-2.11\classes\controllers\Competences$AddCompetence.class, C:\Users\Tina\Documents\TechnoWeb2\GAPP\play-java\target\scala-2.11\classes\controllers\Competences.class)
External API changes: API Changes: Set()
Modified binary dependencies: Set()
Initial directly invalidated sources: Set(C:\Users\Tina\Documents\TechnoWeb2\GAPP\play-java\target\scala-2.11\twirl\main\views\html\Ajout_Competences.template.scala, C:\Users\Tina\Documents\TechnoWeb2\GAPP\play-java\app\controllers\Competences.java, C:\Users\Tina\Documents\TechnoWeb2\GAPP\play-java\app\models\T_competence_p.java)

Sources indirectly invalidated by:
	product: Set(C:\Users\Tina\Documents\TechnoWeb2\GAPP\play-java\app\controllers\Competences.java)
	binary dep: Set()
	external source: Set()
All initially invalidated sources: Set(C:\Users\Tina\Documents\TechnoWeb2\GAPP\play-java\target\scala-2.11\twirl\main\views\html\Ajout_Competences.template.scala, C:\Users\Tina\Documents\TechnoWeb2\GAPP\play-java\app\controllers\Competences.java, C:\Users\Tina\Documents\TechnoWeb2\GAPP\play-java\app\models\T_competence_p.java)

Read from stdout: Compiling 1 Scala source and 2 Java sources to C:\Users\Tina\Documents\TechnoWeb2\GAPP\play-java\target\scala-2.11\classes...
Compiling 1 Scala source and 2 Java sources to C:\Users\Tina\Documents\TechnoWeb2\GAPP\play-java\target\scala-2.11\classes...
Getting compiler-interface from component compiler for Scala 2.11.7
Other repositories:
Default repositories:
Getting compiler-interface from component compiler for Scala 2.11.7
Other repositories:
Default repositories:
Running cached compiler 519d2e2a, interfacing (CompilerInterface) with Scala compiler version 2.11.7
Calling Scala compiler with arguments  (CompilerInterface):
	-deprecation
	-unchecked
	-encoding
	utf8
	-bootclasspath
	C:\Program Files\Java\jre1.8.0_77\lib\resources.jar;C:\Program Files\Java\jre1.8.0_77\lib\rt.jar;C:\Program Files\Java\jre1.8.0_77\lib\sunrsasign.jar;C:\Program Files\Java\jre1.8.0_77\lib\jsse.jar;C:\Program Files\Java\jre1.8.0_77\lib\jce.jar;C:\Program Files\Java\jre1.8.0_77\lib\charsets.jar;C:\Program Files\Java\jre1.8.0_77\lib\jfr.jar;C:\Program Files\Java\jre1.8.0_77\classes;C:\Users\Tina\.ivy2\cache\org.scala-lang\scala-library\jars\scala-library-2.11.7.jar
	-classpath
	C:\Users\Tina\Documents\TechnoWeb2\GAPP\play-java\target\scala-2.11\classes;C:\activator-dist-1.3.9\repository\com.typesafe.play\play-enhancer\1.1.0\jars\play-enhancer.jar;C:\activator-dist-1.3.9\repository\com.typesafe.play\twirl-api_2.11\1.1.1\jars\twirl-api_2.11.jar;C:\activator-dist-1.3.9\repository\org.apache.commons\commons-lang3\3.4\jars\commons-lang3.jar;C:\Users\Tina\.ivy2\cache\org.scala-lang.modules\scala-xml_2.11\bundles\scala-xml_2.11-1.0.1.jar;C:\Users\Tina\.ivy2\cache\com.typesafe.play\play-ebean_2.11\jars\play-ebean_2.11-1.0.0.jar;C:\Users\Tina\.ivy2\cache\com.typesafe.play\play-java-jdbc_2.11\jars\play-java-jdbc_2.11-2.5.1.jar;C:\Users\Tina\.ivy2\cache\com.typesafe.play\play-jdbc_2.11\jars\play-jdbc_2.11-2.5.1.jar;C:\Users\Tina\.ivy2\cache\com.typesafe.play\play-jdbc-api_2.11\jars\play-jdbc-api_2.11-2.5.1.jar;C:\Users\Tina\.ivy2\cache\com.typesafe.play\play_2.11\jars\play_2.11-2.5.1.jar;C:\Users\Tina\.ivy2\cache\com.typesafe.play\build-link\jars\build-link-2.5.1.jar;C:\Users\Tina\.ivy2\cache\com.typesafe.play\play-exceptions\jars\play-exceptions-2.5.1.jar;C:\Users\Tina\.ivy2\cache\com.typesafe.play\play-iteratees_2.11\jars\play-iteratees_2.11-2.5.1.jar;C:\Users\Tina\.ivy2\cache\org.scala-stm\scala-stm_2.11\jars\scala-stm_2.11-0.7.jar;C:\activator-dist-1.3.9\repository\com.typesafe\config\1.3.0\bundles\config.jar;C:\Users\Tina\.ivy2\cache\com.typesafe.play\play-json_2.11\jars\play-json_2.11-2.5.1.jar;C:\Users\Tina\.ivy2\cache\com.typesafe.play\play-functional_2.11\jars\play-functional_2.11-2.5.1.jar;C:\Users\Tina\.ivy2\cache\com.typesafe.play\play-datacommons_2.11\jars\play-datacommons_2.11-2.5.1.jar;C:\activator-dist-1.3.9\repository\joda-time\joda-time\2.9.2\jars\joda-time.jar;C:\activator-dist-1.3.9\repository\org.joda\joda-convert\1.8.1\jars\joda-convert.jar;C:\Users\Tina\.ivy2\cache\org.scala-lang\scala-reflect\jars\scala-reflect-2.11.7.jar;C:\activator-dist-1.3.9\repository\com.fasterxml.jackson.core\jackson-core\2.7.1\bundles\jackson-core.jar;C:\activator-dist-1.3.9\repository\com.fasterxml.jackson.core\jackson-annotations\2.7.1\bundles\jackson-annotations.jar;C:\activator-dist-1.3.9\repository\com.fasterxml.jackson.core\jackson-databind\2.7.1\bundles\jackson-databind.jar;C:\activator-dist-1.3.9\repository\com.fasterxml.jackson.datatype\jackson-datatype-jdk8\2.7.1\bundles\jackson-datatype-jdk8.jar;C:\activator-dist-1.3.9\repository\com.fasterxml.jackson.datatype\jackson-datatype-jsr310\2.7.1\bundles\jackson-datatype-jsr310.jar;C:\Users\Tina\.ivy2\cache\com.typesafe.play\play-netty-utils\jars\play-netty-utils-2.5.1.jar;C:\activator-dist-1.3.9\repository\org.slf4j\slf4j-api\1.7.16\jars\slf4j-api.jar;C:\activator-dist-1.3.9\repository\org.slf4j\jul-to-slf4j\1.7.16\jars\jul-to-slf4j.jar;C:\activator-dist-1.3.9\repository\org.slf4j\jcl-over-slf4j\1.7.16\jars\jcl-over-slf4j.jar;C:\Users\Tina\.ivy2\cache\com.typesafe.play\play-streams_2.11\jars\play-streams_2.11-2.5.1.jar;C:\activator-dist-1.3.9\repository\org.reactivestreams\reactive-streams\1.0.0\jars\reactive-streams.jar;C:\activator-dist-1.3.9\repository\com.typesafe.akka\akka-stream_2.11\2.4.2\jars\akka-stream_2.11.jar;C:\activator-dist-1.3.9\repository\com.typesafe.akka\akka-actor_2.11\2.4.2\jars\akka-actor_2.11.jar;C:\activator-dist-1.3.9\repository\org.scala-lang.modules\scala-java8-compat_2.11\0.7.0\bundles\scala-java8-compat_2.11.jar;C:\activator-dist-1.3.9\repository\com.typesafe\ssl-config-akka_2.11\0.1.3\bundles\ssl-config-akka_2.11.jar;C:\activator-dist-1.3.9\repository\com.typesafe\ssl-config-core_2.11\0.1.3\bundles\ssl-config-core_2.11.jar;C:\Users\Tina\.ivy2\cache\org.scala-lang.modules\scala-parser-combinators_2.11\bundles\scala-parser-combinators_2.11-1.0.4.jar;C:\activator-dist-1.3.9\repository\com.typesafe.akka\akka-slf4j_2.11\2.4.2\jars\akka-slf4j_2.11.jar;C:\activator-dist-1.3.9\repository\commons-codec\commons-codec\1.10\jars\commons-codec.jar;C:\Users\Tina\.ivy2\cache\xerces\xercesImpl\jars\xercesImpl-2.11.0.jar;C:\Users\Tina\.ivy2\cache\xml-apis\xml-apis\jars\xml-apis-1.4.01.jar;C:\Users\Tina\.ivy2\cache\javax.transaction\jta\jars\jta-1.1.jar;C:\activator-dist-1.3.9\repository\com.google.inject\guice\4.0\jars\guice.jar;C:\activator-dist-1.3.9\repository\javax.inject\javax.inject\1\jars\javax.inject.jar;C:\activator-dist-1.3.9\repository\aopalliance\aopalliance\1.0\jars\aopalliance.jar;C:\activator-dist-1.3.9\repository\com.google.inject.extensions\guice-assistedinject\4.0\jars\guice-assistedinject.jar;C:\activator-dist-1.3.9\repository\com.jolbox\bonecp\0.8.0.RELEASE\bundles\bonecp.jar;C:\activator-dist-1.3.9\repository\com.zaxxer\HikariCP\2.4.3\bundles\HikariCP.jar;C:\activator-dist-1.3.9\repository\com.googlecode.usc\jdbcdslog\1.0.6.2\jars\jdbcdslog.jar;C:\activator-dist-1.3.9\repository\com.h2database\h2\1.4.191\jars\h2.jar;C:\activator-dist-1.3.9\repository\tyrex\tyrex\1.0.1\jars\tyrex.jar;C:\Users\Tina\.ivy2\cache\com.typesafe.play\play-java_2.11\jars\play-java_2.11-2.5.1.jar;C:\activator-dist-1.3.9\repository\org.yaml\snakeyaml\1.16\bundles\snakeyaml.jar;C:\activator-dist-1.3.9\repository\org.hibernate\hibernate-validator\5.2.4.Final\jars\hibernate-validator.jar;C:\activator-dist-1.3.9\repository\javax.validation\validation-api\1.1.0.Final\jars\validation-api.jar;C:\activator-dist-1.3.9\repository\org.jboss.logging\jboss-logging\3.2.1.Final\jars\jboss-logging.jar;C:\activator-dist-1.3.9\repository\com.fasterxml\classmate\1.1.0\bundles\classmate.jar;C:\activator-dist-1.3.9\repository\javax.el\javax.el-api\3.0.0\jars\javax.el-api.jar;C:\activator-dist-1.3.9\repository\org.springframework\spring-context\4.2.4.RELEASE\jars\spring-context.jar;C:\activator-dist-1.3.9\repository\org.springframework\spring-core\4.2.4.RELEASE\jars\spring-core.jar;C:\activator-dist-1.3.9\repository\org.springframework\spring-beans\4.2.4.RELEASE\jars\spring-beans.jar;C:\activator-dist-1.3.9\repository\org.reflections\reflections\0.9.10\jars\reflections.jar;C:\activator-dist-1.3.9\repository\com.google.guava\guava\19.0\bundles\guava.jar;C:\activator-dist-1.3.9\repository\net.jodah\typetools\0.4.4\bundles\typetools.jar;C:\activator-dist-1.3.9\repository\com.google.code.findbugs\jsr305\3.0.1\jars\jsr305.jar;C:\activator-dist-1.3.9\repository\org.apache.tomcat\tomcat-servlet-api\8.0.32\jars\tomcat-servlet-api.jar;C:\Users\Tina\.ivy2\cache\com.typesafe.play\play-jdbc-evolutions_2.11\jars\play-jdbc-evolutions_2.11-2.4.0.jar;C:\Users\Tina\.ivy2\cache\org.avaje.ebeanorm\avaje-ebeanorm\jars\avaje-ebeanorm-4.6.2.jar;C:\Users\Tina\.ivy2\cache\javax.persistence\persistence-api\jars\persistence-api-1.0.jar;C:\Users\Tina\.ivy2\cache\org.avaje.ebeanorm\avaje-ebeanorm-agent\jars\avaje-ebeanorm-agent-4.5.3.jar;C:\Users\Tina\.ivy2\cache\com.typesafe.play\play-server_2.11\jars\play-server_2.11-2.5.1.jar;C:\Users\Tina\.ivy2\cache\com.typesafe.play\play-netty-server_2.11\jars\play-netty-server_2.11-2.5.1.jar;C:\Users\Tina\.ivy2\cache\com.typesafe.netty\netty-reactive-streams-http\jars\netty-reactive-streams-http-1.0.5.jar;C:\Users\Tina\.ivy2\cache\com.typesafe.netty\netty-reactive-streams\jars\netty-reactive-streams-1.0.5.jar;C:\activator-dist-1.3.9\repository\io.netty\netty-handler\4.0.34.Final\jars\netty-handler.jar;C:\activator-dist-1.3.9\repository\io.netty\netty-buffer\4.0.34.Final\jars\netty-buffer.jar;C:\activator-dist-1.3.9\repository\io.netty\netty-common\4.0.34.Final\jars\netty-common.jar;C:\activator-dist-1.3.9\repository\io.netty\netty-transport\4.0.34.Final\jars\netty-transport.jar;C:\activator-dist-1.3.9\repository\io.netty\netty-codec\4.0.34.Final\jars\netty-codec.jar;C:\activator-dist-1.3.9\repository\io.netty\netty-codec-http\4.0.34.Final\jars\netty-codec-http.jar;C:\Users\Tina\.ivy2\cache\io.netty\netty-transport-native-epoll\jars\netty-transport-native-epoll-4.0.34.Final-linux-x86_64.jar;C:\Users\Tina\.ivy2\cache\com.typesafe.play\play-logback_2.11\jars\play-logback_2.11-2.5.1.jar;C:\activator-dist-1.3.9\repository\ch.qos.logback\logback-core\1.1.4\jars\logback-core.jar;C:\activator-dist-1.3.9\repository\ch.qos.logback\logback-classic\1.1.4\jars\logback-classic.jar;C:\Users\Tina\.ivy2\cache\com.typesafe.play\play-cache_2.11\jars\play-cache_2.11-2.5.1.jar;C:\activator-dist-1.3.9\repository\net.sf.ehcache\ehcache-core\2.6.11\jars\ehcache-core.jar;C:\Users\Tina\.ivy2\cache\mysql\mysql-connector-java\jars\mysql-connector-java-5.1.39.jar;C:\Users\Tina\.ivy2\cache\com.typesafe.play\play-java-ws_2.11\jars\play-java-ws_2.11-2.5.1.jar;C:\Users\Tina\.ivy2\cache\com.typesafe.play\play-ws_2.11\jars\play-ws_2.11-2.5.1.jar;C:\Users\Tina\.ivy2\cache\org.asynchttpclient\async-http-client\jars\async-http-client-2.0.0-RC16.jar;C:\Users\Tina\.ivy2\cache\org.asynchttpclient\netty-resolver-dns\jars\netty-resolver-dns-2.0.0-RC16.jar;C:\Users\Tina\.ivy2\cache\org.asynchttpclient\netty-resolver\jars\netty-resolver-2.0.0-RC16.jar;C:\Users\Tina\.ivy2\cache\org.asynchttpclient\netty-codec-dns\jars\netty-codec-dns-2.0.0-RC16.jar;C:\activator-dist-1.3.9\repository\org.javassist\javassist\3.20.0-GA\bundles\javassist.jar;C:\Users\Tina\.ivy2\cache\oauth.signpost\signpost-core\jars\signpost-core-1.2.1.2.jar;C:\Users\Tina\.ivy2\cache\oauth.signpost\signpost-commonshttp4\jars\signpost-commonshttp4-1.2.1.2.jar;C:\activator-dist-1.3.9\repository\org.apache.httpcomponents\httpcore\4.0.1\jars\httpcore.jar;C:\activator-dist-1.3.9\repository\org.apache.httpcomponents\httpclient\4.0.1\jars\httpclient.jar;C:\Users\Tina\.ivy2\cache\commons-logging\commons-logging\jars\commons-logging-1.1.1.jar
Scala compilation took 7.409356732 s
Read from stdout: Note: Some input files use or override a deprecated API.
Note: Some input files use or override a deprecated API.
Read from stdout: Note: Recompile with -Xlint:deprecation for details.
Note: Recompile with -Xlint:deprecation for details.
Read from stdout: Note: C:\Users\Tina\Documents\TechnoWeb2\GAPP\play-java\app\models\T_competence_p.java uses unchecked or unsafe operations.
Note: C:\Users\Tina\Documents\TechnoWeb2\GAPP\play-java\app\models\T_competence_p.java uses unchecked or unsafe operations.
Read from stdout: Note: Recompile with -Xlint:unchecked for details.
Note: Recompile with -Xlint:unchecked for details.
Java compilation took 1.122939751 s
Java analysis took 0.211628889 s
Java compile + analysis took 1.417109104 s
Invalidating C:\Users\Tina\Documents\TechnoWeb2\GAPP\play-java\app\controllers\Competences.java...
Invalidating (transitively) by inheritance from C:\Users\Tina\Documents\TechnoWeb2\GAPP\play-java\app\controllers\Competences.java...
Initial set of included nodes: Set(C:\Users\Tina\Documents\TechnoWeb2\GAPP\play-java\app\controllers\Competences.java)
Invalidated by transitive inheritance dependency: Set(C:\Users\Tina\Documents\TechnoWeb2\GAPP\play-java\app\controllers\Competences.java)
The C:\Users\Tina\Documents\TechnoWeb2\GAPP\play-java\app\controllers\Competences.java source file has the following regular definitions changed:
	id.
All member reference dependencies will be considered within this context.
Name hashing optimization doesn't apply to non-Scala dependency: C:\Users\Tina\Documents\TechnoWeb2\GAPP\play-java\app\controllers\Competences.java
None of the modified names appears in C:\Users\Tina\Documents\TechnoWeb2\GAPP\play-java\target\scala-2.11\twirl\main\views\html\Ajout_Competences.template.scala. This dependency is not being considered for invalidation.
None of the modified names appears in C:\Users\Tina\Documents\TechnoWeb2\GAPP\play-java\target\scala-2.11\routes\main\router\Routes.scala. This dependency is not being considered for invalidation.
New invalidations:
	Set()
Initial set of included nodes: Set()
Previously invalidated, but (transitively) depend on new invalidations:
	Set()
All newly invalidated sources after taking into account (previously) recompiled sources:Set()
Copy resource mappings: 
	(C:\Users\Tina\Documents\TechnoWeb2\GAPP\play-java\conf\application.conf,C:\Users\Tina\Documents\TechnoWeb2\GAPP\play-java\target\scala-2.11\classes\application.conf)
	(C:\Users\Tina\Documents\TechnoWeb2\GAPP\play-java\conf\evolutions,C:\Users\Tina\Documents\TechnoWeb2\GAPP\play-java\target\scala-2.11\classes\evolutions)
	(C:\Users\Tina\Documents\TechnoWeb2\GAPP\play-java\conf\logback.xml,C:\Users\Tina\Documents\TechnoWeb2\GAPP\play-java\target\scala-2.11\classes\logback.xml)
	(C:\Users\Tina\Documents\TechnoWeb2\GAPP\play-java\conf\routes,C:\Users\Tina\Documents\TechnoWeb2\GAPP\play-java\target\scala-2.11\classes\routes)
	(C:\Users\Tina\Documents\TechnoWeb2\GAPP\play-java\conf\evolutions\default,C:\Users\Tina\Documents\TechnoWeb2\GAPP\play-java\target\scala-2.11\classes\evolutions\default)
	(C:\Users\Tina\Documents\TechnoWeb2\GAPP\play-java\conf\evolutions\default\1.sql,C:\Users\Tina\Documents\TechnoWeb2\GAPP\play-java\target\scala-2.11\classes\evolutions\default\1.sql)
Total time: 12 s, completed 31 mai 2016 09:00:11
> server-post-command-cleanup
> server-handle-next-server-request
> {file:/C:/Users/Tina/Documents/TechnoWeb2/GAPP/play-java/}root/*:playForkReload
Evaluating tasks: *:playForkReload
Running task... Cancel: sbt.server.ServerTaskCancellation@1c2ee549, check cycles: false
Invalidating C:\Users\Tina\Documents\TechnoWeb2\GAPP\play-java\target\scala-2.11\classes\models\T_competence_p.class: stamp changed from lastModified(1464678010492) to lastModified(1464678011390)

Initial source changes: 
	removed:Set()
	added: Set()
	modified: Set()
Removed products: Set()
External API changes: API Changes: Set()
Modified binary dependencies: Set(C:\Users\Tina\Documents\TechnoWeb2\GAPP\play-java\target\scala-2.11\classes\models\T_competence_p.class)
Initial directly invalidated sources: Set()

Sources indirectly invalidated by:
	product: Set()
	binary dep: Set(C:\Users\Tina\Documents\TechnoWeb2\GAPP\play-java\app\controllers\Competences.java)
	external source: Set()
All initially invalidated sources: Set(C:\Users\Tina\Documents\TechnoWeb2\GAPP\play-java\app\controllers\Competences.java)

Read from stdout: Compiling 1 Java source to C:\Users\Tina\Documents\TechnoWeb2\GAPP\play-java\target\scala-2.11\classes...
Compiling 1 Java source to C:\Users\Tina\Documents\TechnoWeb2\GAPP\play-java\target\scala-2.11\classes...
Read from stdout: Note: C:\Users\Tina\Documents\TechnoWeb2\GAPP\play-java\app\controllers\Competences.java uses or overrides a deprecated API.
Note: C:\Users\Tina\Documents\TechnoWeb2\GAPP\play-java\app\controllers\Competences.java uses or overrides a deprecated API.
Read from stdout: Note: Recompile with -Xlint:deprecation for details.
Note: Recompile with -Xlint:deprecation for details.
Java compilation took 1.661083595 s
Java analysis took 0.097837737 s
Java compile + analysis took 1.810556775 s
New invalidations:
	Set()
Initial set of included nodes: Set()
Previously invalidated, but (transitively) depend on new invalidations:
	Set()
All newly invalidated sources after taking into account (previously) recompiled sources:Set()
Copy resource mappings: 
	(C:\Users\Tina\Documents\TechnoWeb2\GAPP\play-java\conf\application.conf,C:\Users\Tina\Documents\TechnoWeb2\GAPP\play-java\target\scala-2.11\classes\application.conf)
	(C:\Users\Tina\Documents\TechnoWeb2\GAPP\play-java\conf\evolutions,C:\Users\Tina\Documents\TechnoWeb2\GAPP\play-java\target\scala-2.11\classes\evolutions)
	(C:\Users\Tina\Documents\TechnoWeb2\GAPP\play-java\conf\logback.xml,C:\Users\Tina\Documents\TechnoWeb2\GAPP\play-java\target\scala-2.11\classes\logback.xml)
	(C:\Users\Tina\Documents\TechnoWeb2\GAPP\play-java\conf\routes,C:\Users\Tina\Documents\TechnoWeb2\GAPP\play-java\target\scala-2.11\classes\routes)
	(C:\Users\Tina\Documents\TechnoWeb2\GAPP\play-java\conf\evolutions\default,C:\Users\Tina\Documents\TechnoWeb2\GAPP\play-java\target\scala-2.11\classes\evolutions\default)
	(C:\Users\Tina\Documents\TechnoWeb2\GAPP\play-java\conf\evolutions\default\1.sql,C:\Users\Tina\Documents\TechnoWeb2\GAPP\play-java\target\scala-2.11\classes\evolutions\default\1.sql)
Total time: 3 s, completed 31 mai 2016 09:00:15
> server-post-command-cleanup
> server-handle-next-server-request
> compile
Evaluating tasks: compile:compile
Running task... Cancel: sbt.server.ServerTaskCancellation@60dff9f5, check cycles: false

Initial source changes: 
	removed:Set()
	added: Set()
	modified: Set(C:\Users\Tina\Documents\TechnoWeb2\GAPP\play-java\target\scala-2.11\twirl\main\views\html\Ajout_Competences.template.scala)
Removed products: Set()
External API changes: API Changes: Set()
Modified binary dependencies: Set()
Initial directly invalidated sources: Set(C:\Users\Tina\Documents\TechnoWeb2\GAPP\play-java\target\scala-2.11\twirl\main\views\html\Ajout_Competences.template.scala)

Sources indirectly invalidated by:
	product: Set()
	binary dep: Set()
	external source: Set()
All initially invalidated sources: Set(C:\Users\Tina\Documents\TechnoWeb2\GAPP\play-java\target\scala-2.11\twirl\main\views\html\Ajout_Competences.template.scala)

Read from stdout: Compiling 1 Scala source to C:\Users\Tina\Documents\TechnoWeb2\GAPP\play-java\target\scala-2.11\classes...
Compiling 1 Scala source to C:\Users\Tina\Documents\TechnoWeb2\GAPP\play-java\target\scala-2.11\classes...
Getting compiler-interface from component compiler for Scala 2.11.7
Other repositories:
Default repositories:
Getting compiler-interface from component compiler for Scala 2.11.7
Other repositories:
Default repositories:
Running cached compiler 31b13af2, interfacing (CompilerInterface) with Scala compiler version 2.11.7
Calling Scala compiler with arguments  (CompilerInterface):
	-deprecation
	-unchecked
	-encoding
	utf8
	-bootclasspath
	C:\Program Files\Java\jre1.8.0_77\lib\resources.jar;C:\Program Files\Java\jre1.8.0_77\lib\rt.jar;C:\Program Files\Java\jre1.8.0_77\lib\sunrsasign.jar;C:\Program Files\Java\jre1.8.0_77\lib\jsse.jar;C:\Program Files\Java\jre1.8.0_77\lib\jce.jar;C:\Program Files\Java\jre1.8.0_77\lib\charsets.jar;C:\Program Files\Java\jre1.8.0_77\lib\jfr.jar;C:\Program Files\Java\jre1.8.0_77\classes;C:\Users\Tina\.ivy2\cache\org.scala-lang\scala-library\jars\scala-library-2.11.7.jar
	-classpath
	C:\Users\Tina\Documents\TechnoWeb2\GAPP\play-java\target\scala-2.11\classes;C:\activator-dist-1.3.9\repository\com.typesafe.play\play-enhancer\1.1.0\jars\play-enhancer.jar;C:\activator-dist-1.3.9\repository\com.typesafe.play\twirl-api_2.11\1.1.1\jars\twirl-api_2.11.jar;C:\activator-dist-1.3.9\repository\org.apache.commons\commons-lang3\3.4\jars\commons-lang3.jar;C:\Users\Tina\.ivy2\cache\org.scala-lang.modules\scala-xml_2.11\bundles\scala-xml_2.11-1.0.1.jar;C:\Users\Tina\.ivy2\cache\com.typesafe.play\play-ebean_2.11\jars\play-ebean_2.11-1.0.0.jar;C:\Users\Tina\.ivy2\cache\com.typesafe.play\play-java-jdbc_2.11\jars\play-java-jdbc_2.11-2.5.1.jar;C:\Users\Tina\.ivy2\cache\com.typesafe.play\play-jdbc_2.11\jars\play-jdbc_2.11-2.5.1.jar;C:\Users\Tina\.ivy2\cache\com.typesafe.play\play-jdbc-api_2.11\jars\play-jdbc-api_2.11-2.5.1.jar;C:\Users\Tina\.ivy2\cache\com.typesafe.play\play_2.11\jars\play_2.11-2.5.1.jar;C:\Users\Tina\.ivy2\cache\com.typesafe.play\build-link\jars\build-link-2.5.1.jar;C:\Users\Tina\.ivy2\cache\com.typesafe.play\play-exceptions\jars\play-exceptions-2.5.1.jar;C:\Users\Tina\.ivy2\cache\com.typesafe.play\play-iteratees_2.11\jars\play-iteratees_2.11-2.5.1.jar;C:\Users\Tina\.ivy2\cache\org.scala-stm\scala-stm_2.11\jars\scala-stm_2.11-0.7.jar;C:\activator-dist-1.3.9\repository\com.typesafe\config\1.3.0\bundles\config.jar;C:\Users\Tina\.ivy2\cache\com.typesafe.play\play-json_2.11\jars\play-json_2.11-2.5.1.jar;C:\Users\Tina\.ivy2\cache\com.typesafe.play\play-functional_2.11\jars\play-functional_2.11-2.5.1.jar;C:\Users\Tina\.ivy2\cache\com.typesafe.play\play-datacommons_2.11\jars\play-datacommons_2.11-2.5.1.jar;C:\activator-dist-1.3.9\repository\joda-time\joda-time\2.9.2\jars\joda-time.jar;C:\activator-dist-1.3.9\repository\org.joda\joda-convert\1.8.1\jars\joda-convert.jar;C:\Users\Tina\.ivy2\cache\org.scala-lang\scala-reflect\jars\scala-reflect-2.11.7.jar;C:\activator-dist-1.3.9\repository\com.fasterxml.jackson.core\jackson-core\2.7.1\bundles\jackson-core.jar;C:\activator-dist-1.3.9\repository\com.fasterxml.jackson.core\jackson-annotations\2.7.1\bundles\jackson-annotations.jar;C:\activator-dist-1.3.9\repository\com.fasterxml.jackson.core\jackson-databind\2.7.1\bundles\jackson-databind.jar;C:\activator-dist-1.3.9\repository\com.fasterxml.jackson.datatype\jackson-datatype-jdk8\2.7.1\bundles\jackson-datatype-jdk8.jar;C:\activator-dist-1.3.9\repository\com.fasterxml.jackson.datatype\jackson-datatype-jsr310\2.7.1\bundles\jackson-datatype-jsr310.jar;C:\Users\Tina\.ivy2\cache\com.typesafe.play\play-netty-utils\jars\play-netty-utils-2.5.1.jar;C:\activator-dist-1.3.9\repository\org.slf4j\slf4j-api\1.7.16\jars\slf4j-api.jar;C:\activator-dist-1.3.9\repository\org.slf4j\jul-to-slf4j\1.7.16\jars\jul-to-slf4j.jar;C:\activator-dist-1.3.9\repository\org.slf4j\jcl-over-slf4j\1.7.16\jars\jcl-over-slf4j.jar;C:\Users\Tina\.ivy2\cache\com.typesafe.play\play-streams_2.11\jars\play-streams_2.11-2.5.1.jar;C:\activator-dist-1.3.9\repository\org.reactivestreams\reactive-streams\1.0.0\jars\reactive-streams.jar;C:\activator-dist-1.3.9\repository\com.typesafe.akka\akka-stream_2.11\2.4.2\jars\akka-stream_2.11.jar;C:\activator-dist-1.3.9\repository\com.typesafe.akka\akka-actor_2.11\2.4.2\jars\akka-actor_2.11.jar;C:\activator-dist-1.3.9\repository\org.scala-lang.modules\scala-java8-compat_2.11\0.7.0\bundles\scala-java8-compat_2.11.jar;C:\activator-dist-1.3.9\repository\com.typesafe\ssl-config-akka_2.11\0.1.3\bundles\ssl-config-akka_2.11.jar;C:\activator-dist-1.3.9\repository\com.typesafe\ssl-config-core_2.11\0.1.3\bundles\ssl-config-core_2.11.jar;C:\Users\Tina\.ivy2\cache\org.scala-lang.modules\scala-parser-combinators_2.11\bundles\scala-parser-combinators_2.11-1.0.4.jar;C:\activator-dist-1.3.9\repository\com.typesafe.akka\akka-slf4j_2.11\2.4.2\jars\akka-slf4j_2.11.jar;C:\activator-dist-1.3.9\repository\commons-codec\commons-codec\1.10\jars\commons-codec.jar;C:\Users\Tina\.ivy2\cache\xerces\xercesImpl\jars\xercesImpl-2.11.0.jar;C:\Users\Tina\.ivy2\cache\xml-apis\xml-apis\jars\xml-apis-1.4.01.jar;C:\Users\Tina\.ivy2\cache\javax.transaction\jta\jars\jta-1.1.jar;C:\activator-dist-1.3.9\repository\com.google.inject\guice\4.0\jars\guice.jar;C:\activator-dist-1.3.9\repository\javax.inject\javax.inject\1\jars\javax.inject.jar;C:\activator-dist-1.3.9\repository\aopalliance\aopalliance\1.0\jars\aopalliance.jar;C:\activator-dist-1.3.9\repository\com.google.inject.extensions\guice-assistedinject\4.0\jars\guice-assistedinject.jar;C:\activator-dist-1.3.9\repository\com.jolbox\bonecp\0.8.0.RELEASE\bundles\bonecp.jar;C:\activator-dist-1.3.9\repository\com.zaxxer\HikariCP\2.4.3\bundles\HikariCP.jar;C:\activator-dist-1.3.9\repository\com.googlecode.usc\jdbcdslog\1.0.6.2\jars\jdbcdslog.jar;C:\activator-dist-1.3.9\repository\com.h2database\h2\1.4.191\jars\h2.jar;C:\activator-dist-1.3.9\repository\tyrex\tyrex\1.0.1\jars\tyrex.jar;C:\Users\Tina\.ivy2\cache\com.typesafe.play\play-java_2.11\jars\play-java_2.11-2.5.1.jar;C:\activator-dist-1.3.9\repository\org.yaml\snakeyaml\1.16\bundles\snakeyaml.jar;C:\activator-dist-1.3.9\repository\org.hibernate\hibernate-validator\5.2.4.Final\jars\hibernate-validator.jar;C:\activator-dist-1.3.9\repository\javax.validation\validation-api\1.1.0.Final\jars\validation-api.jar;C:\activator-dist-1.3.9\repository\org.jboss.logging\jboss-logging\3.2.1.Final\jars\jboss-logging.jar;C:\activator-dist-1.3.9\repository\com.fasterxml\classmate\1.1.0\bundles\classmate.jar;C:\activator-dist-1.3.9\repository\javax.el\javax.el-api\3.0.0\jars\javax.el-api.jar;C:\activator-dist-1.3.9\repository\org.springframework\spring-context\4.2.4.RELEASE\jars\spring-context.jar;C:\activator-dist-1.3.9\repository\org.springframework\spring-core\4.2.4.RELEASE\jars\spring-core.jar;C:\activator-dist-1.3.9\repository\org.springframework\spring-beans\4.2.4.RELEASE\jars\spring-beans.jar;C:\activator-dist-1.3.9\repository\org.reflections\reflections\0.9.10\jars\reflections.jar;C:\activator-dist-1.3.9\repository\com.google.guava\guava\19.0\bundles\guava.jar;C:\activator-dist-1.3.9\repository\net.jodah\typetools\0.4.4\bundles\typetools.jar;C:\activator-dist-1.3.9\repository\com.google.code.findbugs\jsr305\3.0.1\jars\jsr305.jar;C:\activator-dist-1.3.9\repository\org.apache.tomcat\tomcat-servlet-api\8.0.32\jars\tomcat-servlet-api.jar;C:\Users\Tina\.ivy2\cache\com.typesafe.play\play-jdbc-evolutions_2.11\jars\play-jdbc-evolutions_2.11-2.4.0.jar;C:\Users\Tina\.ivy2\cache\org.avaje.ebeanorm\avaje-ebeanorm\jars\avaje-ebeanorm-4.6.2.jar;C:\Users\Tina\.ivy2\cache\javax.persistence\persistence-api\jars\persistence-api-1.0.jar;C:\Users\Tina\.ivy2\cache\org.avaje.ebeanorm\avaje-ebeanorm-agent\jars\avaje-ebeanorm-agent-4.5.3.jar;C:\Users\Tina\.ivy2\cache\com.typesafe.play\play-server_2.11\jars\play-server_2.11-2.5.1.jar;C:\Users\Tina\.ivy2\cache\com.typesafe.play\play-netty-server_2.11\jars\play-netty-server_2.11-2.5.1.jar;C:\Users\Tina\.ivy2\cache\com.typesafe.netty\netty-reactive-streams-http\jars\netty-reactive-streams-http-1.0.5.jar;C:\Users\Tina\.ivy2\cache\com.typesafe.netty\netty-reactive-streams\jars\netty-reactive-streams-1.0.5.jar;C:\activator-dist-1.3.9\repository\io.netty\netty-handler\4.0.34.Final\jars\netty-handler.jar;C:\activator-dist-1.3.9\repository\io.netty\netty-buffer\4.0.34.Final\jars\netty-buffer.jar;C:\activator-dist-1.3.9\repository\io.netty\netty-common\4.0.34.Final\jars\netty-common.jar;C:\activator-dist-1.3.9\repository\io.netty\netty-transport\4.0.34.Final\jars\netty-transport.jar;C:\activator-dist-1.3.9\repository\io.netty\netty-codec\4.0.34.Final\jars\netty-codec.jar;C:\activator-dist-1.3.9\repository\io.netty\netty-codec-http\4.0.34.Final\jars\netty-codec-http.jar;C:\Users\Tina\.ivy2\cache\io.netty\netty-transport-native-epoll\jars\netty-transport-native-epoll-4.0.34.Final-linux-x86_64.jar;C:\Users\Tina\.ivy2\cache\com.typesafe.play\play-logback_2.11\jars\play-logback_2.11-2.5.1.jar;C:\activator-dist-1.3.9\repository\ch.qos.logback\logback-core\1.1.4\jars\logback-core.jar;C:\activator-dist-1.3.9\repository\ch.qos.logback\logback-classic\1.1.4\jars\logback-classic.jar;C:\Users\Tina\.ivy2\cache\com.typesafe.play\play-cache_2.11\jars\play-cache_2.11-2.5.1.jar;C:\activator-dist-1.3.9\repository\net.sf.ehcache\ehcache-core\2.6.11\jars\ehcache-core.jar;C:\Users\Tina\.ivy2\cache\mysql\mysql-connector-java\jars\mysql-connector-java-5.1.39.jar;C:\Users\Tina\.ivy2\cache\com.typesafe.play\play-java-ws_2.11\jars\play-java-ws_2.11-2.5.1.jar;C:\Users\Tina\.ivy2\cache\com.typesafe.play\play-ws_2.11\jars\play-ws_2.11-2.5.1.jar;C:\Users\Tina\.ivy2\cache\org.asynchttpclient\async-http-client\jars\async-http-client-2.0.0-RC16.jar;C:\Users\Tina\.ivy2\cache\org.asynchttpclient\netty-resolver-dns\jars\netty-resolver-dns-2.0.0-RC16.jar;C:\Users\Tina\.ivy2\cache\org.asynchttpclient\netty-resolver\jars\netty-resolver-2.0.0-RC16.jar;C:\Users\Tina\.ivy2\cache\org.asynchttpclient\netty-codec-dns\jars\netty-codec-dns-2.0.0-RC16.jar;C:\activator-dist-1.3.9\repository\org.javassist\javassist\3.20.0-GA\bundles\javassist.jar;C:\Users\Tina\.ivy2\cache\oauth.signpost\signpost-core\jars\signpost-core-1.2.1.2.jar;C:\Users\Tina\.ivy2\cache\oauth.signpost\signpost-commonshttp4\jars\signpost-commonshttp4-1.2.1.2.jar;C:\activator-dist-1.3.9\repository\org.apache.httpcomponents\httpcore\4.0.1\jars\httpcore.jar;C:\activator-dist-1.3.9\repository\org.apache.httpcomponents\httpclient\4.0.1\jars\httpclient.jar;C:\Users\Tina\.ivy2\cache\commons-logging\commons-logging\jars\commons-logging-1.1.1.jar
Scala compilation took 2.304982867 s
New invalidations:
	Set()
Initial set of included nodes: Set()
Previously invalidated, but (transitively) depend on new invalidations:
	Set()
All newly invalidated sources after taking into account (previously) recompiled sources:Set()
Total time: 3 s, completed 31 mai 2016 09:07:24
> server-post-command-cleanup
> server-handle-next-server-request
> jobStop 1
Evaluating tasks: *:jobStop
Running task... Cancel: sbt.server.ServerTaskCancellation@7ef5e8c9, check cycles: false
Total time: 0 s, completed 31 mai 2016 09:07:24
> server-post-command-cleanup
> server-handle-next-server-request
> backgroundRun
Evaluating tasks: compile:backgroundRun
Running task... Cancel: sbt.server.ServerTaskCancellation@51f80f, check cycles: false
Total time: 0 s, completed 31 mai 2016 09:07:24
> server-post-command-cleanup
> server-handle-next-server-request
> {file:/C:/Users/Tina/Documents/TechnoWeb2/GAPP/play-java/}root/*:playForkConfig
Evaluating tasks: *:playForkConfig
Running task... Cancel: sbt.server.ServerTaskCancellation@7969970e, check cycles: false
Total time: 1 s, completed 31 mai 2016 09:07:28
> server-post-command-cleanup
> server-handle-next-server-request
> root/playForkNotifyStart http://localhost:9000
Evaluating tasks: *:playForkNotifyStart
Running task... Cancel: sbt.server.ServerTaskCancellation@1c5ec504, check cycles: false
Total time: 0 s, completed 31 mai 2016 09:07:30
> server-post-command-cleanup
> server-handle-next-server-request
> {file:/C:/Users/Tina/Documents/TechnoWeb2/GAPP/play-java/}root/*:playForkReload
Evaluating tasks: *:playForkReload
Running task... Cancel: sbt.server.ServerTaskCancellation@4d97b121, check cycles: false

Initial source changes: 
	removed:Set()
	added: Set()
	modified: Set()
Removed products: Set()
External API changes: API Changes: Set()
Modified binary dependencies: Set()
Initial directly invalidated sources: Set()

Sources indirectly invalidated by:
	product: Set()
	binary dep: Set()
	external source: Set()
All initially invalidated sources: Set()

Copy resource mappings: 
	(C:\Users\Tina\Documents\TechnoWeb2\GAPP\play-java\conf\application.conf,C:\Users\Tina\Documents\TechnoWeb2\GAPP\play-java\target\scala-2.11\classes\application.conf)
	(C:\Users\Tina\Documents\TechnoWeb2\GAPP\play-java\conf\evolutions,C:\Users\Tina\Documents\TechnoWeb2\GAPP\play-java\target\scala-2.11\classes\evolutions)
	(C:\Users\Tina\Documents\TechnoWeb2\GAPP\play-java\conf\logback.xml,C:\Users\Tina\Documents\TechnoWeb2\GAPP\play-java\target\scala-2.11\classes\logback.xml)
	(C:\Users\Tina\Documents\TechnoWeb2\GAPP\play-java\conf\routes,C:\Users\Tina\Documents\TechnoWeb2\GAPP\play-java\target\scala-2.11\classes\routes)
	(C:\Users\Tina\Documents\TechnoWeb2\GAPP\play-java\conf\evolutions\default,C:\Users\Tina\Documents\TechnoWeb2\GAPP\play-java\target\scala-2.11\classes\evolutions\default)
	(C:\Users\Tina\Documents\TechnoWeb2\GAPP\play-java\conf\evolutions\default\1.sql,C:\Users\Tina\Documents\TechnoWeb2\GAPP\play-java\target\scala-2.11\classes\evolutions\default\1.sql)
Total time: 2 s, completed 31 mai 2016 09:07:56
> server-post-command-cleanup
> server-handle-next-server-request
> compile
Evaluating tasks: compile:compile
Running task... Cancel: sbt.server.ServerTaskCancellation@3d1204b0, check cycles: false

Initial source changes: 
	removed:Set()
	added: Set()
	modified: Set(C:\Users\Tina\Documents\TechnoWeb2\GAPP\play-java\target\scala-2.11\twirl\main\views\html\Ajout_Competences.template.scala)
Removed products: Set()
External API changes: API Changes: Set()
Modified binary dependencies: Set()
Initial directly invalidated sources: Set(C:\Users\Tina\Documents\TechnoWeb2\GAPP\play-java\target\scala-2.11\twirl\main\views\html\Ajout_Competences.template.scala)

Sources indirectly invalidated by:
	product: Set()
	binary dep: Set()
	external source: Set()
All initially invalidated sources: Set(C:\Users\Tina\Documents\TechnoWeb2\GAPP\play-java\target\scala-2.11\twirl\main\views\html\Ajout_Competences.template.scala)

Read from stdout: Compiling 1 Scala source to C:\Users\Tina\Documents\TechnoWeb2\GAPP\play-java\target\scala-2.11\classes...
Compiling 1 Scala source to C:\Users\Tina\Documents\TechnoWeb2\GAPP\play-java\target\scala-2.11\classes...
Getting compiler-interface from component compiler for Scala 2.11.7
Other repositories:
Default repositories:
Getting compiler-interface from component compiler for Scala 2.11.7
Other repositories:
Default repositories:
Running cached compiler 4cb9e94a, interfacing (CompilerInterface) with Scala compiler version 2.11.7
Calling Scala compiler with arguments  (CompilerInterface):
	-deprecation
	-unchecked
	-encoding
	utf8
	-bootclasspath
	C:\Program Files\Java\jre1.8.0_77\lib\resources.jar;C:\Program Files\Java\jre1.8.0_77\lib\rt.jar;C:\Program Files\Java\jre1.8.0_77\lib\sunrsasign.jar;C:\Program Files\Java\jre1.8.0_77\lib\jsse.jar;C:\Program Files\Java\jre1.8.0_77\lib\jce.jar;C:\Program Files\Java\jre1.8.0_77\lib\charsets.jar;C:\Program Files\Java\jre1.8.0_77\lib\jfr.jar;C:\Program Files\Java\jre1.8.0_77\classes;C:\Users\Tina\.ivy2\cache\org.scala-lang\scala-library\jars\scala-library-2.11.7.jar
	-classpath
	C:\Users\Tina\Documents\TechnoWeb2\GAPP\play-java\target\scala-2.11\classes;C:\activator-dist-1.3.9\repository\com.typesafe.play\play-enhancer\1.1.0\jars\play-enhancer.jar;C:\activator-dist-1.3.9\repository\com.typesafe.play\twirl-api_2.11\1.1.1\jars\twirl-api_2.11.jar;C:\activator-dist-1.3.9\repository\org.apache.commons\commons-lang3\3.4\jars\commons-lang3.jar;C:\Users\Tina\.ivy2\cache\org.scala-lang.modules\scala-xml_2.11\bundles\scala-xml_2.11-1.0.1.jar;C:\Users\Tina\.ivy2\cache\com.typesafe.play\play-ebean_2.11\jars\play-ebean_2.11-1.0.0.jar;C:\Users\Tina\.ivy2\cache\com.typesafe.play\play-java-jdbc_2.11\jars\play-java-jdbc_2.11-2.5.1.jar;C:\Users\Tina\.ivy2\cache\com.typesafe.play\play-jdbc_2.11\jars\play-jdbc_2.11-2.5.1.jar;C:\Users\Tina\.ivy2\cache\com.typesafe.play\play-jdbc-api_2.11\jars\play-jdbc-api_2.11-2.5.1.jar;C:\Users\Tina\.ivy2\cache\com.typesafe.play\play_2.11\jars\play_2.11-2.5.1.jar;C:\Users\Tina\.ivy2\cache\com.typesafe.play\build-link\jars\build-link-2.5.1.jar;C:\Users\Tina\.ivy2\cache\com.typesafe.play\play-exceptions\jars\play-exceptions-2.5.1.jar;C:\Users\Tina\.ivy2\cache\com.typesafe.play\play-iteratees_2.11\jars\play-iteratees_2.11-2.5.1.jar;C:\Users\Tina\.ivy2\cache\org.scala-stm\scala-stm_2.11\jars\scala-stm_2.11-0.7.jar;C:\activator-dist-1.3.9\repository\com.typesafe\config\1.3.0\bundles\config.jar;C:\Users\Tina\.ivy2\cache\com.typesafe.play\play-json_2.11\jars\play-json_2.11-2.5.1.jar;C:\Users\Tina\.ivy2\cache\com.typesafe.play\play-functional_2.11\jars\play-functional_2.11-2.5.1.jar;C:\Users\Tina\.ivy2\cache\com.typesafe.play\play-datacommons_2.11\jars\play-datacommons_2.11-2.5.1.jar;C:\activator-dist-1.3.9\repository\joda-time\joda-time\2.9.2\jars\joda-time.jar;C:\activator-dist-1.3.9\repository\org.joda\joda-convert\1.8.1\jars\joda-convert.jar;C:\Users\Tina\.ivy2\cache\org.scala-lang\scala-reflect\jars\scala-reflect-2.11.7.jar;C:\activator-dist-1.3.9\repository\com.fasterxml.jackson.core\jackson-core\2.7.1\bundles\jackson-core.jar;C:\activator-dist-1.3.9\repository\com.fasterxml.jackson.core\jackson-annotations\2.7.1\bundles\jackson-annotations.jar;C:\activator-dist-1.3.9\repository\com.fasterxml.jackson.core\jackson-databind\2.7.1\bundles\jackson-databind.jar;C:\activator-dist-1.3.9\repository\com.fasterxml.jackson.datatype\jackson-datatype-jdk8\2.7.1\bundles\jackson-datatype-jdk8.jar;C:\activator-dist-1.3.9\repository\com.fasterxml.jackson.datatype\jackson-datatype-jsr310\2.7.1\bundles\jackson-datatype-jsr310.jar;C:\Users\Tina\.ivy2\cache\com.typesafe.play\play-netty-utils\jars\play-netty-utils-2.5.1.jar;C:\activator-dist-1.3.9\repository\org.slf4j\slf4j-api\1.7.16\jars\slf4j-api.jar;C:\activator-dist-1.3.9\repository\org.slf4j\jul-to-slf4j\1.7.16\jars\jul-to-slf4j.jar;C:\activator-dist-1.3.9\repository\org.slf4j\jcl-over-slf4j\1.7.16\jars\jcl-over-slf4j.jar;C:\Users\Tina\.ivy2\cache\com.typesafe.play\play-streams_2.11\jars\play-streams_2.11-2.5.1.jar;C:\activator-dist-1.3.9\repository\org.reactivestreams\reactive-streams\1.0.0\jars\reactive-streams.jar;C:\activator-dist-1.3.9\repository\com.typesafe.akka\akka-stream_2.11\2.4.2\jars\akka-stream_2.11.jar;C:\activator-dist-1.3.9\repository\com.typesafe.akka\akka-actor_2.11\2.4.2\jars\akka-actor_2.11.jar;C:\activator-dist-1.3.9\repository\org.scala-lang.modules\scala-java8-compat_2.11\0.7.0\bundles\scala-java8-compat_2.11.jar;C:\activator-dist-1.3.9\repository\com.typesafe\ssl-config-akka_2.11\0.1.3\bundles\ssl-config-akka_2.11.jar;C:\activator-dist-1.3.9\repository\com.typesafe\ssl-config-core_2.11\0.1.3\bundles\ssl-config-core_2.11.jar;C:\Users\Tina\.ivy2\cache\org.scala-lang.modules\scala-parser-combinators_2.11\bundles\scala-parser-combinators_2.11-1.0.4.jar;C:\activator-dist-1.3.9\repository\com.typesafe.akka\akka-slf4j_2.11\2.4.2\jars\akka-slf4j_2.11.jar;C:\activator-dist-1.3.9\repository\commons-codec\commons-codec\1.10\jars\commons-codec.jar;C:\Users\Tina\.ivy2\cache\xerces\xercesImpl\jars\xercesImpl-2.11.0.jar;C:\Users\Tina\.ivy2\cache\xml-apis\xml-apis\jars\xml-apis-1.4.01.jar;C:\Users\Tina\.ivy2\cache\javax.transaction\jta\jars\jta-1.1.jar;C:\activator-dist-1.3.9\repository\com.google.inject\guice\4.0\jars\guice.jar;C:\activator-dist-1.3.9\repository\javax.inject\javax.inject\1\jars\javax.inject.jar;C:\activator-dist-1.3.9\repository\aopalliance\aopalliance\1.0\jars\aopalliance.jar;C:\activator-dist-1.3.9\repository\com.google.inject.extensions\guice-assistedinject\4.0\jars\guice-assistedinject.jar;C:\activator-dist-1.3.9\repository\com.jolbox\bonecp\0.8.0.RELEASE\bundles\bonecp.jar;C:\activator-dist-1.3.9\repository\com.zaxxer\HikariCP\2.4.3\bundles\HikariCP.jar;C:\activator-dist-1.3.9\repository\com.googlecode.usc\jdbcdslog\1.0.6.2\jars\jdbcdslog.jar;C:\activator-dist-1.3.9\repository\com.h2database\h2\1.4.191\jars\h2.jar;C:\activator-dist-1.3.9\repository\tyrex\tyrex\1.0.1\jars\tyrex.jar;C:\Users\Tina\.ivy2\cache\com.typesafe.play\play-java_2.11\jars\play-java_2.11-2.5.1.jar;C:\activator-dist-1.3.9\repository\org.yaml\snakeyaml\1.16\bundles\snakeyaml.jar;C:\activator-dist-1.3.9\repository\org.hibernate\hibernate-validator\5.2.4.Final\jars\hibernate-validator.jar;C:\activator-dist-1.3.9\repository\javax.validation\validation-api\1.1.0.Final\jars\validation-api.jar;C:\activator-dist-1.3.9\repository\org.jboss.logging\jboss-logging\3.2.1.Final\jars\jboss-logging.jar;C:\activator-dist-1.3.9\repository\com.fasterxml\classmate\1.1.0\bundles\classmate.jar;C:\activator-dist-1.3.9\repository\javax.el\javax.el-api\3.0.0\jars\javax.el-api.jar;C:\activator-dist-1.3.9\repository\org.springframework\spring-context\4.2.4.RELEASE\jars\spring-context.jar;C:\activator-dist-1.3.9\repository\org.springframework\spring-core\4.2.4.RELEASE\jars\spring-core.jar;C:\activator-dist-1.3.9\repository\org.springframework\spring-beans\4.2.4.RELEASE\jars\spring-beans.jar;C:\activator-dist-1.3.9\repository\org.reflections\reflections\0.9.10\jars\reflections.jar;C:\activator-dist-1.3.9\repository\com.google.guava\guava\19.0\bundles\guava.jar;C:\activator-dist-1.3.9\repository\net.jodah\typetools\0.4.4\bundles\typetools.jar;C:\activator-dist-1.3.9\repository\com.google.code.findbugs\jsr305\3.0.1\jars\jsr305.jar;C:\activator-dist-1.3.9\repository\org.apache.tomcat\tomcat-servlet-api\8.0.32\jars\tomcat-servlet-api.jar;C:\Users\Tina\.ivy2\cache\com.typesafe.play\play-jdbc-evolutions_2.11\jars\play-jdbc-evolutions_2.11-2.4.0.jar;C:\Users\Tina\.ivy2\cache\org.avaje.ebeanorm\avaje-ebeanorm\jars\avaje-ebeanorm-4.6.2.jar;C:\Users\Tina\.ivy2\cache\javax.persistence\persistence-api\jars\persistence-api-1.0.jar;C:\Users\Tina\.ivy2\cache\org.avaje.ebeanorm\avaje-ebeanorm-agent\jars\avaje-ebeanorm-agent-4.5.3.jar;C:\Users\Tina\.ivy2\cache\com.typesafe.play\play-server_2.11\jars\play-server_2.11-2.5.1.jar;C:\Users\Tina\.ivy2\cache\com.typesafe.play\play-netty-server_2.11\jars\play-netty-server_2.11-2.5.1.jar;C:\Users\Tina\.ivy2\cache\com.typesafe.netty\netty-reactive-streams-http\jars\netty-reactive-streams-http-1.0.5.jar;C:\Users\Tina\.ivy2\cache\com.typesafe.netty\netty-reactive-streams\jars\netty-reactive-streams-1.0.5.jar;C:\activator-dist-1.3.9\repository\io.netty\netty-handler\4.0.34.Final\jars\netty-handler.jar;C:\activator-dist-1.3.9\repository\io.netty\netty-buffer\4.0.34.Final\jars\netty-buffer.jar;C:\activator-dist-1.3.9\repository\io.netty\netty-common\4.0.34.Final\jars\netty-common.jar;C:\activator-dist-1.3.9\repository\io.netty\netty-transport\4.0.34.Final\jars\netty-transport.jar;C:\activator-dist-1.3.9\repository\io.netty\netty-codec\4.0.34.Final\jars\netty-codec.jar;C:\activator-dist-1.3.9\repository\io.netty\netty-codec-http\4.0.34.Final\jars\netty-codec-http.jar;C:\Users\Tina\.ivy2\cache\io.netty\netty-transport-native-epoll\jars\netty-transport-native-epoll-4.0.34.Final-linux-x86_64.jar;C:\Users\Tina\.ivy2\cache\com.typesafe.play\play-logback_2.11\jars\play-logback_2.11-2.5.1.jar;C:\activator-dist-1.3.9\repository\ch.qos.logback\logback-core\1.1.4\jars\logback-core.jar;C:\activator-dist-1.3.9\repository\ch.qos.logback\logback-classic\1.1.4\jars\logback-classic.jar;C:\Users\Tina\.ivy2\cache\com.typesafe.play\play-cache_2.11\jars\play-cache_2.11-2.5.1.jar;C:\activator-dist-1.3.9\repository\net.sf.ehcache\ehcache-core\2.6.11\jars\ehcache-core.jar;C:\Users\Tina\.ivy2\cache\mysql\mysql-connector-java\jars\mysql-connector-java-5.1.39.jar;C:\Users\Tina\.ivy2\cache\com.typesafe.play\play-java-ws_2.11\jars\play-java-ws_2.11-2.5.1.jar;C:\Users\Tina\.ivy2\cache\com.typesafe.play\play-ws_2.11\jars\play-ws_2.11-2.5.1.jar;C:\Users\Tina\.ivy2\cache\org.asynchttpclient\async-http-client\jars\async-http-client-2.0.0-RC16.jar;C:\Users\Tina\.ivy2\cache\org.asynchttpclient\netty-resolver-dns\jars\netty-resolver-dns-2.0.0-RC16.jar;C:\Users\Tina\.ivy2\cache\org.asynchttpclient\netty-resolver\jars\netty-resolver-2.0.0-RC16.jar;C:\Users\Tina\.ivy2\cache\org.asynchttpclient\netty-codec-dns\jars\netty-codec-dns-2.0.0-RC16.jar;C:\activator-dist-1.3.9\repository\org.javassist\javassist\3.20.0-GA\bundles\javassist.jar;C:\Users\Tina\.ivy2\cache\oauth.signpost\signpost-core\jars\signpost-core-1.2.1.2.jar;C:\Users\Tina\.ivy2\cache\oauth.signpost\signpost-commonshttp4\jars\signpost-commonshttp4-1.2.1.2.jar;C:\activator-dist-1.3.9\repository\org.apache.httpcomponents\httpcore\4.0.1\jars\httpcore.jar;C:\activator-dist-1.3.9\repository\org.apache.httpcomponents\httpclient\4.0.1\jars\httpclient.jar;C:\Users\Tina\.ivy2\cache\commons-logging\commons-logging\jars\commons-logging-1.1.1.jar
Scala compilation took 1.988145824 s
New invalidations:
	Set()
Initial set of included nodes: Set()
Previously invalidated, but (transitively) depend on new invalidations:
	Set()
All newly invalidated sources after taking into account (previously) recompiled sources:Set()
Total time: 3 s, completed 31 mai 2016 09:08:23
> server-post-command-cleanup
> server-handle-next-server-request
> jobStop 2
Evaluating tasks: *:jobStop
Running task... Cancel: sbt.server.ServerTaskCancellation@33e2923a, check cycles: false
Total time: 0 s, completed 31 mai 2016 09:08:23
> server-post-command-cleanup
> server-handle-next-server-request
> backgroundRun
Evaluating tasks: compile:backgroundRun
Running task... Cancel: sbt.server.ServerTaskCancellation@4050beaa, check cycles: false
Total time: 0 s, completed 31 mai 2016 09:08:24
> server-post-command-cleanup
> server-handle-next-server-request
> {file:/C:/Users/Tina/Documents/TechnoWeb2/GAPP/play-java/}root/*:playForkConfig
Evaluating tasks: *:playForkConfig
Running task... Cancel: sbt.server.ServerTaskCancellation@412c3249, check cycles: false
Total time: 1 s, completed 31 mai 2016 09:08:27
> server-post-command-cleanup
> server-handle-next-server-request
> root/playForkNotifyStart http://localhost:9000
Evaluating tasks: *:playForkNotifyStart
Running task... Cancel: sbt.server.ServerTaskCancellation@581006d2, check cycles: false
Total time: 0 s, completed 31 mai 2016 09:08:28
> server-post-command-cleanup
> server-handle-next-server-request
> {file:/C:/Users/Tina/Documents/TechnoWeb2/GAPP/play-java/}root/*:playForkReload
Evaluating tasks: *:playForkReload
Running task... Cancel: sbt.server.ServerTaskCancellation@d7272b4, check cycles: false

Initial source changes: 
	removed:Set()
	added: Set()
	modified: Set()
Removed products: Set()
External API changes: API Changes: Set()
Modified binary dependencies: Set()
Initial directly invalidated sources: Set()

Sources indirectly invalidated by:
	product: Set()
	binary dep: Set()
	external source: Set()
All initially invalidated sources: Set()

Copy resource mappings: 
	(C:\Users\Tina\Documents\TechnoWeb2\GAPP\play-java\conf\application.conf,C:\Users\Tina\Documents\TechnoWeb2\GAPP\play-java\target\scala-2.11\classes\application.conf)
	(C:\Users\Tina\Documents\TechnoWeb2\GAPP\play-java\conf\evolutions,C:\Users\Tina\Documents\TechnoWeb2\GAPP\play-java\target\scala-2.11\classes\evolutions)
	(C:\Users\Tina\Documents\TechnoWeb2\GAPP\play-java\conf\logback.xml,C:\Users\Tina\Documents\TechnoWeb2\GAPP\play-java\target\scala-2.11\classes\logback.xml)
	(C:\Users\Tina\Documents\TechnoWeb2\GAPP\play-java\conf\routes,C:\Users\Tina\Documents\TechnoWeb2\GAPP\play-java\target\scala-2.11\classes\routes)
	(C:\Users\Tina\Documents\TechnoWeb2\GAPP\play-java\conf\evolutions\default,C:\Users\Tina\Documents\TechnoWeb2\GAPP\play-java\target\scala-2.11\classes\evolutions\default)
	(C:\Users\Tina\Documents\TechnoWeb2\GAPP\play-java\conf\evolutions\default\1.sql,C:\Users\Tina\Documents\TechnoWeb2\GAPP\play-java\target\scala-2.11\classes\evolutions\default\1.sql)
Total time: 2 s, completed 31 mai 2016 09:09:09
> server-post-command-cleanup
> server-handle-next-server-request
